22-10-09 17:15:55-334-INFO-Bot started. Good morning administrator
22-10-09 17:16:01-334-INFO-User 5480482418 requested /start function
22-10-09 17:16:02-334-INFO-/start function completed for 5480482418
22-10-09 17:16:05-334-INFO-User 5480482418 requested /ajuda function
22-10-09 17:16:05-334-INFO-/ajuda function completed for 5480482418
22-10-09 17:16:10-334-INFO-User 5480482418 requested /idioma function
22-10-09 17:16:13-334-INFO-User 5480482418 changed transcriber language to pt-BR
22-10-09 17:16:16-334-INFO-User 5480482418 requested /tradutor function
22-10-09 17:16:18-334-INFO-User 5480482418 turned the translator off
22-10-09 17:16:30-334-INFO-Starting transcriber function for user 5480482418
22-10-09 17:16:31-334-INFO-Bot downloaded audio file successfully from user 5480482418
22-10-09 17:16:32-334-INFO-Bot converted the file from user 5480482418 to WAV
22-10-09 17:16:32-334-INFO-Bot finished transcribing the file from user 5480482418
22-10-09 17:16:33-334-INFO-Result of transcriber sent to user 5480482418
22-10-09 17:16:37-334-INFO-Starting transcriber function for user 5480482418
22-10-09 17:16:38-334-INFO-Bot downloaded audio file successfully from user 5480482418
22-10-09 17:16:38-334-INFO-Bot converted the file from user 5480482418 to WAV
22-10-09 17:16:38-334-INFO-Bot finished transcribing the file from user 5480482418
22-10-09 17:16:38-334-INFO-Result of transcriber sent to user 5480482418
22-10-09 17:17:59-334-INFO-User 5480482418 requested /idioma function
22-10-09 17:18:06-334-INFO-User 5480482418 changed transcriber language to es-AR
22-10-09 17:18:08-334-INFO-User 5480482418 requested /idioma function
22-10-09 17:18:10-334-INFO-User 5480482418 changed transcriber language to en-US
22-10-09 17:18:12-334-INFO-User 5480482418 requested /tradutor function
22-10-09 17:18:14-334-INFO-User 5480482418 turned the translator on
22-10-09 17:18:22-334-INFO-User 5480482418 changed translator language to spanish
22-10-09 17:18:33-334-INFO-Starting transcriber function for user 5480482418
22-10-09 17:18:34-334-INFO-Bot downloaded audio file successfully from user 5480482418
22-10-09 17:18:34-334-INFO-Bot converted the file from user 5480482418 to WAV
22-10-09 17:18:35-334-INFO-Bot finished transcribing the file from user 5480482418
22-10-09 17:18:35-334-INFO-Bot finished translating the file from user 5480482418
22-10-09 17:18:36-334-INFO-Result of translation sent to user 5480482418
22-10-09 17:27:26-439-INFO-Bot started. Good morning administrator
22-10-09 17:27:31-439-INFO-User 5480482418 requested /idioma function
22-10-09 17:27:35-439-ERROR-An exception occurred = 
Traceback (most recent call last):
  File "main.py", line 123, in callback_query
    auxFunc.mudarIdiomaAudio(buttonId, chatId, messageId)
  File "/home/runner/TelegramBot/AuxiliaryFiles/FuncoesAuxiliares.py", line 105, in mudarIdiomaAudio
    bot.send_message(chatId, "Ok, agora irei transcrever aúdios no idioma "+mensagem_idioma)
UnboundLocalError: local variable 'mensagem_idioma' referenced before assignment
22-10-09 17:32:14-624-INFO-Bot started. Good morning administrator
22-10-09 17:32:19-624-INFO-User 5480482418 requested /idioma function
22-10-09 17:32:21-624-INFO-User 5480482418 changed transcriber language to right1
22-10-09 17:32:24-624-INFO-User 5480482418 changed transcriber language to left2
22-10-09 17:32:26-624-INFO-User 5480482418 changed transcriber language to right1
22-10-09 17:32:35-624-INFO-User 5480482418 changed transcriber language to it-IT
22-10-09 17:32:44-624-INFO-User 5480482418 requested /tradutor function
22-10-09 17:32:47-624-INFO-User 5480482418 turned the translator on
22-10-09 17:32:48-624-INFO-User 5480482418 changed translator language to right1
22-10-09 17:32:56-624-INFO-User 5480482418 changed translator language to french
22-10-09 17:33:09-624-INFO-Starting transcriber function for user 5480482418
22-10-09 17:33:10-624-INFO-Bot downloaded audio file successfully from user 5480482418
22-10-09 17:33:10-624-INFO-Bot converted the file from user 5480482418 to WAV
22-10-09 17:33:10-624-INFO-Bot finished transcribing the file from user 5480482418
22-10-09 17:33:12-624-INFO-Bot finished translating the file from user 5480482418
22-10-09 17:33:12-624-INFO-Result of translation sent to user 5480482418
22-10-09 17:33:44-624-INFO-Starting transcriber function for user 5480482418
22-10-09 17:33:44-624-INFO-Bot downloaded audio file successfully from user 5480482418
22-10-09 17:33:44-624-INFO-Bot converted the file from user 5480482418 to WAV
22-10-09 17:33:45-624-INFO-Bot finished transcribing the file from user 5480482418
22-10-09 17:33:46-624-INFO-Bot finished translating the file from user 5480482418
22-10-09 17:33:47-624-INFO-Result of translation sent to user 5480482418
22-10-09 17:33:51-624-INFO-Starting transcriber function for user 5480482418
22-10-09 17:33:52-624-INFO-Bot downloaded audio file successfully from user 5480482418
22-10-09 17:33:52-624-INFO-Bot converted the file from user 5480482418 to WAV
22-10-09 17:33:52-624-INFO-Bot finished transcribing the file from user 5480482418
22-10-09 17:33:53-624-INFO-Bot finished translating the file from user 5480482418
22-10-09 17:33:53-624-INFO-Result of translation sent to user 5480482418
22-10-09 17:33:57-624-INFO-Starting transcriber function for user 5480482418
22-10-09 17:33:58-624-INFO-Bot downloaded audio file successfully from user 5480482418
22-10-09 17:33:58-624-INFO-Bot converted the file from user 5480482418 to WAV
22-10-09 17:33:58-624-ERROR-Not able to understand the audio file = 
Traceback (most recent call last):
  File "main.py", line 203, in transcriber
    TextoResultado = recognizer.recognize_google(audio_data,
  File "/home/runner/TelegramBot/venv/lib/python3.8/site-packages/speech_recognition/__init__.py", line 858, in recognize_google
    if not isinstance(actual_result, dict) or len(actual_result.get("alternative", [])) == 0: raise UnknownValueError()
speech_recognition.UnknownValueError
22-10-09 17:34:06-624-INFO-Starting transcriber function for user 5480482418
22-10-09 17:34:06-624-INFO-Bot downloaded audio file successfully from user 5480482418
22-10-09 17:34:06-624-INFO-Bot converted the file from user 5480482418 to WAV
22-10-09 17:34:06-624-ERROR-Not able to understand the audio file = 
Traceback (most recent call last):
  File "main.py", line 203, in transcriber
    TextoResultado = recognizer.recognize_google(audio_data,
  File "/home/runner/TelegramBot/venv/lib/python3.8/site-packages/speech_recognition/__init__.py", line 858, in recognize_google
    if not isinstance(actual_result, dict) or len(actual_result.get("alternative", [])) == 0: raise UnknownValueError()
speech_recognition.UnknownValueError
22-10-09 17:34:17-624-INFO-Starting transcriber function for user 5480482418
22-10-09 17:34:18-624-INFO-Bot downloaded audio file successfully from user 5480482418
22-10-09 17:34:18-624-INFO-Bot converted the file from user 5480482418 to WAV
22-10-09 17:34:18-624-INFO-Bot finished transcribing the file from user 5480482418
22-10-09 17:34:18-624-INFO-Bot finished translating the file from user 5480482418
22-10-09 17:34:19-624-INFO-Result of translation sent to user 5480482418
22-10-09 17:34:33-624-INFO-Starting transcriber function for user 5480482418
22-10-09 17:34:34-624-INFO-Bot downloaded audio file successfully from user 5480482418
22-10-09 17:34:34-624-INFO-Bot converted the file from user 5480482418 to WAV
22-10-09 17:34:34-624-INFO-Bot finished transcribing the file from user 5480482418
22-10-09 17:34:34-624-INFO-Bot finished translating the file from user 5480482418
22-10-09 17:34:34-624-INFO-Result of translation sent to user 5480482418
22-10-09 17:34:41-624-INFO-Starting transcriber function for user 5480482418
22-10-09 17:34:41-624-INFO-Bot downloaded audio file successfully from user 5480482418
22-10-09 17:34:41-624-INFO-Bot converted the file from user 5480482418 to WAV
22-10-09 17:34:41-624-INFO-Bot finished transcribing the file from user 5480482418
22-10-09 17:34:43-624-INFO-Bot finished translating the file from user 5480482418
22-10-09 17:34:43-624-INFO-Result of translation sent to user 5480482418
22-10-09 17:34:47-624-INFO-Starting transcriber function for user 5480482418
22-10-09 17:34:48-624-INFO-Bot downloaded audio file successfully from user 5480482418
22-10-09 17:34:48-624-INFO-Bot converted the file from user 5480482418 to WAV
22-10-09 17:34:48-624-ERROR-Not able to understand the audio file = 
Traceback (most recent call last):
  File "main.py", line 203, in transcriber
    TextoResultado = recognizer.recognize_google(audio_data,
  File "/home/runner/TelegramBot/venv/lib/python3.8/site-packages/speech_recognition/__init__.py", line 858, in recognize_google
    if not isinstance(actual_result, dict) or len(actual_result.get("alternative", [])) == 0: raise UnknownValueError()
speech_recognition.UnknownValueError
22-10-09 17:34:59-624-INFO-Starting transcriber function for user 5480482418
22-10-09 17:35:00-624-INFO-Bot downloaded audio file successfully from user 5480482418
22-10-09 17:35:00-624-INFO-Bot converted the file from user 5480482418 to WAV
22-10-09 17:35:00-624-INFO-Bot finished transcribing the file from user 5480482418
22-10-09 17:35:00-624-ERROR-An exception occurred = 
Traceback (most recent call last):
  File "main.py", line 211, in transcriber
    TextoTraduzido = GoogleTranslator(source=auxFunc.defineIdiomaTextoFonte(idiomaAudio),
  File "/home/runner/TelegramBot/venv/lib/python3.8/site-packages/deep_translator/google.py", line 55, in translate
    if is_input_valid(text):
  File "/home/runner/TelegramBot/venv/lib/python3.8/site-packages/deep_translator/validate.py", line 18, in is_input_valid
    raise NotValidPayload(text)
deep_translator.exceptions.NotValidPayload: 123456 --> text must be a valid text with maximum 5000 character, otherwise it cannot be translated
22-10-09 17:35:58-624-INFO-Starting transcriber function for user 5480482418
22-10-09 17:35:58-624-INFO-Bot downloaded audio file successfully from user 5480482418
22-10-09 17:35:58-624-INFO-Bot converted the file from user 5480482418 to WAV
22-10-09 17:35:59-624-ERROR-Not able to understand the audio file = 
Traceback (most recent call last):
  File "main.py", line 203, in transcriber
    TextoResultado = recognizer.recognize_google(audio_data,
  File "/home/runner/TelegramBot/venv/lib/python3.8/site-packages/speech_recognition/__init__.py", line 858, in recognize_google
    if not isinstance(actual_result, dict) or len(actual_result.get("alternative", [])) == 0: raise UnknownValueError()
speech_recognition.UnknownValueError
22-10-09 17:37:14-624-INFO-Starting transcriber function for user 5480482418
22-10-09 17:37:15-624-INFO-Bot downloaded audio file successfully from user 5480482418
22-10-09 17:37:15-624-INFO-Bot converted the file from user 5480482418 to WAV
22-10-09 17:37:15-624-INFO-Bot finished transcribing the file from user 5480482418
22-10-09 17:37:15-624-INFO-Bot finished translating the file from user 5480482418
22-10-09 17:37:16-624-INFO-Result of translation sent to user 5480482418
22-10-09 17:37:31-624-INFO-User 5480482418 requested /idioma function
22-10-09 17:37:35-624-INFO-User 5480482418 changed transcriber language to en-US
22-10-09 17:37:40-624-INFO-User 5480482418 requested /tradutor function
22-10-09 17:37:43-624-INFO-User 5480482418 turned the translator on
22-10-09 17:37:47-624-INFO-User 5480482418 changed translator language to japanese
22-10-09 17:37:54-624-INFO-Starting transcriber function for user 5480482418
22-10-09 17:37:55-624-INFO-Bot downloaded audio file successfully from user 5480482418
22-10-09 17:37:55-624-INFO-Bot converted the file from user 5480482418 to WAV
22-10-09 17:37:55-624-INFO-Bot finished transcribing the file from user 5480482418
22-10-09 17:37:55-624-INFO-Bot finished translating the file from user 5480482418
22-10-09 17:37:56-624-INFO-Result of translation sent to user 5480482418
22-10-09 17:38:24-624-INFO-User 5480482418 requested /idioma function
22-10-09 17:38:26-624-INFO-User 5480482418 changed transcriber language to right1
22-10-09 17:38:28-624-INFO-User 5480482418 changed transcriber language to it-IT
22-10-09 17:38:36-624-INFO-Starting transcriber function for user 5480482418
22-10-09 17:38:37-624-INFO-Bot downloaded audio file successfully from user 5480482418
22-10-09 17:38:37-624-INFO-Bot converted the file from user 5480482418 to WAV
22-10-09 17:38:37-624-INFO-Bot finished transcribing the file from user 5480482418
22-10-09 17:38:37-624-INFO-Bot finished translating the file from user 5480482418
22-10-09 17:38:38-624-INFO-Result of translation sent to user 5480482418
22-10-09 17:38:54-624-INFO-User 5480482418 requested /idioma function
22-10-09 17:38:56-624-INFO-User 5480482418 changed transcriber language to pt-BR
22-10-09 17:39:01-624-INFO-User 5480482418 requested /tradutor function
22-10-09 17:39:03-624-INFO-User 5480482418 turned the translator on
22-10-09 17:39:08-624-INFO-User 5480482418 changed translator language to english
22-10-09 18:02:01-2045-INFO-Bot started. Good morning administrator
22-10-09 18:02:05-2045-INFO-User 5480482418 requested /ajuda function
22-10-09 18:02:05-2045-INFO-/ajuda function completed for 5480482418
22-10-09 18:02:09-2045-INFO-User 5480482418 requested /config function
22-10-09 18:02:09-2045-INFO-/config function completed for 5480482418
22-10-09 18:02:47-60-INFO-Bot started. Good morning administrator
22-10-09 18:02:49-60-INFO-User 5480482418 requested /config function
22-10-09 18:02:50-60-INFO-/config function completed for 5480482418
22-10-09 18:05:05-60-INFO-User 5480482418 requested /tradutor function
22-10-09 18:05:08-60-INFO-User 5480482418 turned the translator off
22-10-09 18:05:09-60-INFO-User 5480482418 requested /config function
22-10-09 18:05:09-60-INFO-/config function completed for 5480482418
22-10-09 18:05:38-97-INFO-Bot started. Good morning administrator
22-10-09 18:05:40-97-INFO-User 5480482418 requested /config function
22-10-09 18:05:41-97-INFO-/config function completed for 5480482418
22-10-09 18:28:34-602-INFO-Bot started. Good morning administrator
22-10-09 18:28:43-602-INFO-User 5480482418 requested /ajuda function
22-10-09 18:28:44-602-INFO-/ajuda function completed for 5480482418
22-10-09 18:28:51-602-INFO-User 5480482418 requested /config function
22-10-09 18:28:51-602-INFO-/config function completed for 5480482418
22-10-09 18:30:19-641-INFO-Bot started. Good morning administrator
22-10-09 18:30:20-641-INFO-User 5480482418 requested /config function
22-10-09 18:30:20-641-INFO-/config function completed for 5480482418
22-10-09 18:30:30-641-INFO-User 5480482418 requested /tradutor function
22-10-09 18:30:32-641-INFO-User 5480482418 turned the translator on
22-10-09 18:30:34-641-INFO-User 5480482418 changed translator language to portuguese
22-10-09 18:30:39-641-INFO-User 5480482418 requested /config function
22-10-09 18:30:39-641-INFO-/config function completed for 5480482418
22-10-09 18:30:45-641-INFO-User 5480482418 requested /idioma function
22-10-09 18:30:48-641-INFO-User 5480482418 changed transcriber language to es-AR
22-10-09 18:30:49-641-INFO-User 5480482418 requested /config function
22-10-09 18:30:50-641-INFO-/config function completed for 5480482418
22-10-09 18:30:55-641-INFO-User 5480482418 requested /idioma function
22-10-09 18:30:59-641-INFO-User 5480482418 changed transcriber language to en-US
22-10-09 18:31:01-641-INFO-User 5480482418 requested /tradutor function
22-10-09 18:31:05-641-INFO-User 5480482418 turned the translator on
22-10-09 18:31:08-641-INFO-User 5480482418 changed translator language to english
22-10-09 18:31:11-641-INFO-User 5480482418 requested /config function
22-10-09 18:31:11-641-INFO-/config function completed for 5480482418
22-10-09 18:33:16-641-INFO-User 5480482418 requested /idioma function
22-10-09 18:33:22-641-INFO-User 5480482418 changed transcriber language to es-PY
22-10-09 18:33:24-641-INFO-User 5480482418 requested /config function
22-10-09 18:33:24-641-INFO-/config function completed for 5480482418
22-10-09 18:33:28-641-INFO-User 5480482418 requested /idioma function
22-10-09 18:33:31-641-ERROR-An exception occurred = 
Traceback (most recent call last):
  File "main.py", line 150, in callback_query
    auxFunc.mudarIdiomaAudio(buttonId, chatId, messageId)
  File "/home/runner/TelegramBot/AuxiliaryFiles/FuncoesAuxiliares.py", line 110, in mudarIdiomaAudio
    bot.send_message(chatId, "Ok, agora irei transcrever aúdios no idioma "+mensagem_idioma)
UnboundLocalError: local variable 'mensagem_idioma' referenced before assignment
22-10-09 18:33:32-641-INFO-User 5480482418 requested /config function
22-10-09 18:33:33-641-INFO-/config function completed for 5480482418
22-10-09 18:33:41-641-INFO-User 5480482418 requested /tradutor function
22-10-09 18:33:43-641-INFO-User 5480482418 turned the translator on
22-10-09 18:33:46-641-INFO-User 5480482418 changed translator language to japanese
22-10-09 18:33:48-641-INFO-User 5480482418 requested /idioma function
22-10-09 18:33:50-641-INFO-User 5480482418 changed transcriber language to ja-JP
22-10-09 18:33:52-641-INFO-User 5480482418 requested /config function
22-10-09 18:33:52-641-INFO-/config function completed for 5480482418
22-10-09 18:34:26-641-INFO-User 5480482418 requested /idioma function
22-10-09 18:34:35-641-INFO-User 5480482418 changed transcriber language to es-ES
22-10-09 18:34:37-641-INFO-User 5480482418 requested /tradutor function
22-10-09 18:34:39-641-INFO-User 5480482418 turned the translator on
22-10-09 18:34:43-641-INFO-User 5480482418 changed translator language to spanish
22-10-09 18:34:45-641-INFO-User 5480482418 requested /config function
22-10-09 18:34:45-641-INFO-/config function completed for 5480482418
22-10-09 18:35:30-641-INFO-User 5480482418 requested /idioma function
22-10-09 18:35:35-641-INFO-User 5480482418 changed transcriber language to ko-KR
22-10-09 18:35:39-641-INFO-User 5480482418 requested /tradutor function
22-10-09 18:35:41-641-INFO-User 5480482418 turned the translator on
22-10-09 18:36:34-641-INFO-User 5480482418 changed translator language to korean
22-10-09 18:36:35-641-INFO-User 5480482418 requested /config function
22-10-09 18:36:35-641-INFO-/config function completed for 5480482418
22-10-09 18:36:39-641-INFO-User 5480482418 requested /idioma function
22-10-09 18:36:44-641-INFO-User 5480482418 changed transcriber language to hi-IN
22-10-09 18:36:47-641-INFO-User 5480482418 requested /tradutor function
22-10-09 18:36:50-641-INFO-User 5480482418 turned the translator on
22-10-09 18:36:52-641-INFO-User 5480482418 changed translator language to hindi
22-10-09 18:36:54-641-INFO-User 5480482418 requested /config function
22-10-09 18:36:54-641-INFO-/config function completed for 5480482418
22-10-09 18:37:01-641-INFO-User 5480482418 requested /idioma function
22-10-09 18:37:06-641-INFO-User 5480482418 changed transcriber language to zh-CN
22-10-09 18:37:09-641-INFO-User 5480482418 requested /tradutor function
22-10-09 18:37:12-641-INFO-User 5480482418 turned the translator on
22-10-09 18:37:17-641-INFO-User 5480482418 changed translator language to zh-CN
22-10-09 18:37:18-641-INFO-User 5480482418 requested /config function
22-10-09 18:37:18-641-INFO-/config function completed for 5480482418
22-10-09 18:37:25-641-INFO-User 5480482418 requested /idioma function
22-10-09 18:37:28-641-INFO-User 5480482418 changed transcriber language to right1
22-10-09 18:37:30-641-INFO-User 5480482418 changed transcriber language to fr-FR
22-10-09 18:37:32-641-INFO-User 5480482418 requested /tradutor function
22-10-09 18:37:34-641-INFO-User 5480482418 turned the translator on
22-10-09 18:37:39-641-INFO-User 5480482418 changed translator language to zh-TW
22-10-09 18:37:43-641-INFO-User 5480482418 requested /config function
22-10-09 18:37:43-641-INFO-/config function completed for 5480482418
22-10-09 18:37:50-641-INFO-User 5480482418 requested /idioma function
22-10-09 18:37:55-641-INFO-User 5480482418 changed transcriber language to right1
22-10-09 18:37:56-641-INFO-User 5480482418 changed transcriber language to de-DE
22-10-09 18:37:58-641-INFO-User 5480482418 requested /tradutor function
22-10-09 18:38:00-641-INFO-User 5480482418 turned the translator on
22-10-09 18:38:03-641-INFO-User 5480482418 changed translator language to right1
22-10-09 18:38:09-641-INFO-User 5480482418 changed translator language to french
22-10-09 18:38:13-641-INFO-User 5480482418 requested /config function
22-10-09 18:38:13-641-INFO-/config function completed for 5480482418
22-10-09 18:38:18-641-INFO-User 5480482418 requested /idioma function
22-10-09 18:38:21-641-INFO-User 5480482418 changed transcriber language to right1
22-10-09 18:38:36-641-INFO-User 5480482418 changed transcriber language to left2
22-10-09 18:39:26-641-INFO-User 5480482418 changed transcriber language to right1
22-10-09 18:39:30-641-INFO-User 5480482418 changed transcriber language to it-IT
22-10-09 18:39:32-641-INFO-User 5480482418 requested /tradutor function
22-10-09 18:39:34-641-INFO-User 5480482418 turned the translator on
22-10-09 18:39:39-641-INFO-User 5480482418 changed translator language to right1
22-10-09 18:39:51-641-INFO-User 5480482418 changed translator language to german
22-10-09 18:39:53-641-INFO-User 5480482418 requested /config function
22-10-09 18:39:53-641-INFO-/config function completed for 5480482418
22-10-09 18:40:00-641-INFO-User 5480482418 requested /idioma function
22-10-09 18:40:03-641-INFO-User 5480482418 changed transcriber language to right1
22-10-09 18:40:06-641-INFO-User 5480482418 changed transcriber language to el-GR
22-10-09 18:40:08-641-INFO-User 5480482418 requested /tradutor function
22-10-09 18:40:09-641-INFO-User 5480482418 turned the translator on
22-10-09 18:40:16-641-INFO-User 5480482418 changed translator language to right1
22-10-09 18:40:26-641-INFO-User 5480482418 changed translator language to italian
22-10-09 18:40:28-641-INFO-User 5480482418 requested /config function
22-10-09 18:40:28-641-INFO-/config function completed for 5480482418
22-10-09 18:40:31-641-INFO-User 5480482418 requested /tradutor function
22-10-09 18:40:34-641-INFO-User 5480482418 turned the translator on
22-10-09 18:40:37-641-INFO-User 5480482418 changed translator language to right1
22-10-09 18:40:38-641-INFO-User 5480482418 changed translator language to greek
22-10-09 18:40:43-641-INFO-User 5480482418 requested /config function
22-10-09 18:40:43-641-INFO-/config function completed for 5480482418
22-10-09 18:40:46-641-INFO-User 5480482418 requested /idioma function
22-10-09 18:40:48-641-INFO-User 5480482418 changed transcriber language to right1
22-10-09 18:40:53-641-INFO-User 5480482418 changed transcriber language to da-DK
22-10-09 18:40:55-641-INFO-User 5480482418 requested /tradutor function
22-10-09 18:40:57-641-INFO-User 5480482418 turned the translator on
22-10-09 18:41:00-641-INFO-User 5480482418 changed translator language to right1
22-10-09 18:41:02-641-INFO-User 5480482418 changed translator language to danish
22-10-09 18:41:04-641-INFO-User 5480482418 requested /config function
22-10-09 18:41:04-641-INFO-/config function completed for 5480482418
22-10-09 18:41:07-641-INFO-User 5480482418 requested /idioma function
22-10-09 18:41:09-641-INFO-User 5480482418 changed transcriber language to right1
22-10-09 18:41:18-641-INFO-User 5480482418 changed transcriber language to ar-EG
22-10-09 18:41:20-641-INFO-User 5480482418 requested /tradutor function
22-10-09 18:41:21-641-INFO-User 5480482418 turned the translator on
22-10-09 18:41:24-641-INFO-User 5480482418 changed translator language to right1
22-10-09 18:41:26-641-INFO-User 5480482418 changed translator language to arabic
22-10-09 18:41:29-641-INFO-User 5480482418 requested /config function
22-10-09 18:41:29-641-INFO-/config function completed for 5480482418
22-10-09 18:41:49-641-INFO-User 5480482418 requested /idioma function
22-10-09 18:41:51-641-INFO-User 5480482418 changed transcriber language to right1
22-10-09 18:41:56-641-INFO-User 5480482418 changed transcriber language to af-ZA
22-10-09 18:41:58-641-INFO-User 5480482418 requested /tradutor function
22-10-09 18:42:00-641-INFO-User 5480482418 turned the translator on
22-10-09 18:42:02-641-INFO-User 5480482418 changed translator language to right1
22-10-09 18:42:05-641-INFO-User 5480482418 changed translator language to afrikaans
22-10-09 18:42:06-641-INFO-User 5480482418 requested /config function
22-10-09 18:42:06-641-INFO-/config function completed for 5480482418
22-10-09 18:42:11-641-INFO-User 5480482418 requested /idioma function
22-10-09 18:42:13-641-INFO-User 5480482418 changed transcriber language to right1
22-10-09 18:42:21-641-INFO-User 5480482418 changed transcriber language to ar-IL
22-10-09 18:42:23-641-INFO-User 5480482418 requested /tradutor function
22-10-09 18:42:25-641-INFO-User 5480482418 turned the translator on
22-10-09 18:42:27-641-INFO-User 5480482418 changed translator language to right1
22-10-09 18:42:31-641-INFO-User 5480482418 changed translator language to norwegian
22-10-09 18:42:32-641-INFO-User 5480482418 requested /config function
22-10-09 18:42:33-641-INFO-/config function completed for 5480482418
22-10-09 18:42:35-641-INFO-User 5480482418 requested /idioma function
22-10-09 18:42:37-641-INFO-User 5480482418 changed transcriber language to right1
22-10-09 18:42:42-641-INFO-User 5480482418 changed transcriber language to no-NO
22-10-09 18:42:46-641-INFO-User 5480482418 requested /tradutor function
22-10-09 18:42:49-641-INFO-User 5480482418 turned the translator on
22-10-09 18:42:54-641-INFO-User 5480482418 changed translator language to right1
22-10-09 18:42:57-641-INFO-User 5480482418 changed translator language to left2
22-10-09 18:42:59-641-INFO-User 5480482418 changed translator language to portuguese
22-10-09 18:43:02-641-INFO-User 5480482418 requested /tradutor function
22-10-09 18:43:04-641-INFO-User 5480482418 turned the translator off
22-10-09 18:43:10-641-INFO-User 5480482418 requested /config function
22-10-09 18:43:11-641-INFO-/config function completed for 5480482418
22-10-09 18:43:13-641-INFO-User 5480482418 requested /idioma function
22-10-09 18:43:15-641-INFO-User 5480482418 changed transcriber language to right1
22-10-09 18:43:18-641-INFO-User 5480482418 changed transcriber language to zh-TW
22-10-09 18:43:20-641-INFO-User 5480482418 requested /config function
22-10-09 18:43:20-641-INFO-/config function completed for 5480482418
22-10-09 18:43:23-641-INFO-User 5480482418 requested /idioma function
22-10-09 18:43:26-641-INFO-User 5480482418 changed transcriber language to pt-BR
22-10-09 18:45:57-641-INFO-User 5480482418 requested /idioma function
22-10-09 18:46:03-641-INFO-User 5480482418 changed transcriber language to es-ES
22-10-09 18:47:07-641-INFO-User 5480482418 requested /idioma function
22-10-09 18:47:32-641-ERROR-An exception occurred = 
Traceback (most recent call last):
  File "main.py", line 150, in callback_query
    auxFunc.mudarIdiomaAudio(buttonId, chatId, messageId)
  File "/home/runner/TelegramBot/AuxiliaryFiles/FuncoesAuxiliares.py", line 110, in mudarIdiomaAudio
    bot.send_message(chatId, "Ok, agora irei transcrever aúdios no idioma "+mensagem_idioma)
UnboundLocalError: local variable 'mensagem_idioma' referenced before assignment
22-10-09 18:47:39-641-INFO-User 5480482418 requested /config function
22-10-09 18:47:39-641-INFO-/config function completed for 5480482418
22-10-09 18:49:29-641-INFO-User 5480482418 requested /idioma function
22-10-09 18:49:31-641-ERROR-An exception occurred = 
Traceback (most recent call last):
  File "main.py", line 150, in callback_query
    auxFunc.mudarIdiomaAudio(buttonId, chatId, messageId)
  File "/home/runner/TelegramBot/AuxiliaryFiles/FuncoesAuxiliares.py", line 110, in mudarIdiomaAudio
    bot.send_message(chatId, "Ok, agora irei transcrever aúdios no idioma "+mensagem_idioma)
UnboundLocalError: local variable 'mensagem_idioma' referenced before assignment
22-10-09 18:50:19-698-INFO-Bot started. Good morning administrator
22-10-09 18:50:21-698-INFO-User 5480482418 requested /idioma function
22-10-09 18:50:23-698-ERROR-An exception occurred = 
Traceback (most recent call last):
  File "main.py", line 150, in callback_query
    auxFunc.mudarIdiomaAudio(buttonId, chatId, messageId)
  File "/home/runner/TelegramBot/AuxiliaryFiles/FuncoesAuxiliares.py", line 111, in mudarIdiomaAudio
    bot.send_message(chatId, "Ok, agora irei transcrever aúdios no idioma "+mensagem_idioma)
UnboundLocalError: local variable 'mensagem_idioma' referenced before assignment
22-10-09 18:51:24-698-INFO-User 5480482418 requested /config function
22-10-09 18:51:25-698-INFO-/config function completed for 5480482418
22-10-09 18:51:30-746-INFO-Bot started. Good morning administrator
22-10-09 18:51:31-746-INFO-User 5480482418 requested /idioma function
22-10-09 18:51:34-746-INFO-User 5480482418 changed transcriber language to en-GB
22-10-09 18:51:36-746-INFO-User 5480482418 requested /config function
22-10-09 18:51:36-746-INFO-/config function completed for 5480482418
22-10-09 18:52:08-746-INFO-User 5480482418 requested /tradutor function
22-10-09 18:52:10-746-INFO-User 5480482418 turned the translator on
22-10-09 18:52:14-746-INFO-User 5480482418 changed translator language to portuguese
22-10-09 18:52:27-746-INFO-Starting transcriber function for user 5480482418
22-10-09 18:52:28-746-INFO-Bot downloaded audio file successfully from user 5480482418
22-10-09 18:52:29-746-INFO-Bot converted the file from user 5480482418 to WAV
22-10-09 18:52:31-746-INFO-Bot finished transcribing the file from user 5480482418
22-10-09 18:52:31-746-INFO-Bot finished translating the file from user 5480482418
22-10-09 18:52:32-746-INFO-Result of translation sent to user 5480482418
22-10-09 19:12:16-452-INFO-Bot started. Good morning administrator
22-10-09 19:12:26-452-INFO-User 5480482418 requested /start function
22-10-09 19:12:27-452-INFO-User 5480482418 request to /start function COMPLETED
22-10-09 19:12:37-452-INFO-User 5480482418 requested /ajuda function
22-10-09 19:12:37-452-INFO-User 5480482418 request to /ajuda function COMPLETED
22-10-09 19:12:51-452-INFO-User 5480482418 requested /idioma function
22-10-09 19:12:54-452-INFO-User 5480482418 changed transcriber language to pt-BR
22-10-09 19:12:57-452-INFO-User 5480482418 requested /tradutor function
22-10-09 19:12:59-452-INFO-User 5480482418 turned the translator on
22-10-09 19:13:01-452-INFO-User 5480482418 changed translator language to english
22-10-09 19:13:06-452-INFO-User 5480482418 requested /tradutor function
22-10-09 19:13:09-452-INFO-User 5480482418 turned the translator on
22-10-09 19:13:14-452-INFO-User 5480482418 changed translator language to english
22-10-09 19:13:15-452-INFO-User 5480482418 requested /tradutor function
22-10-09 19:13:18-452-INFO-User 5480482418 turned the translator on
22-10-09 19:13:20-452-INFO-User 5480482418 changed translator language to portuguese
22-10-09 19:13:22-452-INFO-User 5480482418 requested /idioma function
22-10-09 19:13:25-452-INFO-User 5480482418 changed transcriber language to en-GB
22-10-09 19:13:32-452-INFO-User 5480482418 requested /config function
22-10-09 19:13:32-452-INFO-User 5480482418 request to /config function COMPLETED
22-10-09 19:14:07-452-INFO-User 5480482418 started transcriber function
22-10-09 19:14:08-452-INFO-User 5480482418-Bot downloaded audio file successfully
22-10-09 19:14:08-452-INFO-User 5480482418-Bot converted the file to WAV
22-10-09 19:14:10-452-INFO-User 5480482418-Bot finished transcribing the file
22-10-09 19:14:11-452-INFO-User 5480482418-Bot finished translating the resulting text
22-10-09 19:14:11-452-INFO-User 5480482418-Result of translation sent to user
22-10-09 20:08:12-33-INFO-Bot started. Good morning administrator
22-10-09 20:25:20-1155-INFO-Bot started. Good morning administrator
22-10-09 20:25:36-28-INFO-Bot started. Good morning administrator
22-10-09 20:26:46-28-INFO-User 5480482418 started transcriber function
22-10-09 20:26:47-28-INFO-User 5480482418-Bot downloaded audio file successfully
22-10-09 20:26:48-28-INFO-User 5480482418-Bot converted the file to WAV
22-10-09 20:26:49-28-INFO-User 5480482418-Bot finished transcribing the file
22-10-09 20:26:50-28-INFO-User 5480482418-Bot finished translating the resulting text
22-10-09 20:26:50-28-INFO-User 5480482418-Result of translation sent to user
22-10-09 20:27:00-28-INFO-User 5480482418 started transcriber function
22-10-09 20:27:01-28-INFO-User 5480482418-Bot downloaded audio file successfully
22-10-09 20:27:01-28-INFO-User 5480482418-Bot converted the file to WAV
22-10-09 20:27:02-28-INFO-User 5480482418-Bot finished transcribing the file
22-10-09 20:27:02-28-INFO-User 5480482418-Bot finished translating the resulting text
22-10-09 20:27:03-28-INFO-User 5480482418-Result of translation sent to user
22-10-09 20:27:08-28-INFO-User 5480482418 started transcriber function
22-10-09 20:27:09-28-INFO-User 5480482418-Bot downloaded audio file successfully
22-10-09 20:27:09-28-INFO-User 5480482418-Bot converted the file to WAV
22-10-09 20:27:09-28-INFO-User 5480482418-Bot finished transcribing the file
22-10-09 20:27:10-28-INFO-User 5480482418-Bot finished translating the resulting text
22-10-09 20:27:10-28-INFO-User 5480482418-Result of translation sent to user
22-10-09 20:28:28-28-INFO-User 5480482418 started transcriber function
22-10-09 20:28:28-28-INFO-User 5480482418-Bot downloaded audio file successfully
22-10-09 20:28:28-28-INFO-User 5480482418-Bot converted the file to WAV
22-10-09 20:28:29-28-INFO-User 5480482418-Bot finished transcribing the file
22-10-09 20:28:29-28-INFO-User 5480482418-Bot finished translating the resulting text
22-10-09 20:28:30-28-INFO-User 5480482418-Result of translation sent to user
22-10-09 20:28:56-28-INFO-User 5480482418 started transcriber function
22-10-09 20:28:56-28-INFO-User 5480482418-Bot downloaded audio file successfully
22-10-09 20:28:57-28-INFO-User 5480482418-Bot converted the file to WAV
22-10-09 20:28:57-28-INFO-User 5480482418-Bot finished transcribing the file
22-10-09 20:28:58-28-INFO-User 5480482418-Bot finished translating the resulting text
22-10-09 20:28:58-28-INFO-User 5480482418-Result of translation sent to user
22-10-09 20:30:50-28-INFO-User 553483302 requested /idioma function
22-10-09 20:30:53-28-INFO-User 553483302 changed transcriber language to pt-BR
22-10-09 20:30:57-28-INFO-User 553483302 requested /start function
22-10-09 20:30:58-28-INFO-User 553483302 request to /start function COMPLETED
22-10-09 20:30:59-28-INFO-User 553483302 requested /config function
22-10-09 20:30:59-28-INFO-User 553483302 request to /config function COMPLETED
22-10-09 20:31:28-28-INFO-User 553483302 started transcriber function
22-10-09 20:31:29-28-INFO-User 553483302-Bot downloaded audio file successfully
22-10-09 20:31:29-28-INFO-User 553483302-Bot converted the file to WAV
22-10-09 20:31:29-28-INFO-User 553483302-Bot finished transcribing the file
22-10-09 20:31:30-28-INFO-User 553483302-Result of transcriber sent to user
22-10-09 20:31:32-28-INFO-User 5480482418 started transcriber function
22-10-09 20:31:33-28-INFO-User 5480482418-Bot downloaded audio file successfully
22-10-09 20:31:33-28-INFO-User 5480482418-Bot converted the file to WAV
22-10-09 20:31:34-28-INFO-User 5480482418-Bot finished transcribing the file
22-10-09 20:31:36-28-INFO-User 5480482418-Bot finished translating the resulting text
22-10-09 20:31:36-28-INFO-User 5480482418-Result of translation sent to user
22-10-09 20:31:46-28-INFO-User 553483302 started transcriber function
22-10-09 20:31:47-28-INFO-User 553483302-Bot downloaded audio file successfully
22-10-09 20:31:47-28-INFO-User 5480482418 started transcriber function
22-10-09 20:31:47-28-INFO-User 553483302-Bot converted the file to WAV
22-10-09 20:31:47-28-INFO-User 553483302-Bot finished transcribing the file
22-10-09 20:31:47-28-INFO-User 553483302-Result of transcriber sent to user
22-10-09 20:31:47-28-INFO-User 5480482418-Bot downloaded audio file successfully
22-10-09 20:31:48-28-INFO-User 5480482418-Bot converted the file to WAV
22-10-09 20:31:48-28-INFO-User 5480482418-Bot finished transcribing the file
22-10-09 20:31:50-28-INFO-User 5480482418-Bot finished translating the resulting text
22-10-09 20:31:50-28-INFO-User 5480482418-Result of translation sent to user
22-10-09 20:36:37-28-INFO-User 5480482418 started transcriber function
22-10-09 20:36:37-28-INFO-User 5480482418-Bot downloaded audio file successfully
22-10-09 20:36:37-28-INFO-User 5480482418-Bot converted the file to WAV
22-10-09 20:36:39-28-INFO-User 5480482418-Bot finished transcribing the file
22-10-09 20:36:40-28-INFO-User 5480482418-Bot finished translating the resulting text
22-10-09 20:36:40-28-INFO-User 5480482418-Result of translation sent to user
22-10-09 21:08:29-28-INFO-User 5480482418 requested /start function
22-10-09 21:08:30-28-INFO-User 5480482418 request to /start function COMPLETED
22-10-09 21:08:41-28-INFO-User 5480482418 started transcriber function
22-10-09 21:08:42-28-INFO-User 5480482418-Bot downloaded audio file successfully
22-10-09 21:08:43-28-INFO-User 5480482418-Bot converted the file to WAV
22-10-09 21:08:43-28-INFO-User 5480482418-Bot finished transcribing the file
22-10-09 21:08:43-28-INFO-User 5480482418-Bot finished translating the resulting text
22-10-09 21:08:43-28-INFO-User 5480482418-Result of translation sent to user
22-10-09 21:08:52-28-INFO-User 5480482418 requested /idioma function
22-10-09 21:08:55-28-INFO-User 5480482418 changed transcriber language to pt-BR
22-10-09 21:08:56-28-INFO-User 5480482418 requested /tradutor function
22-10-09 21:08:58-28-INFO-User 5480482418 turned the translator off
22-10-09 21:09:00-28-INFO-User 5480482418 started transcriber function
22-10-09 21:09:01-28-INFO-User 5480482418-Bot downloaded audio file successfully
22-10-09 21:09:01-28-INFO-User 5480482418-Bot converted the file to WAV
22-10-09 21:09:01-28-INFO-User 5480482418-Bot finished transcribing the file
22-10-09 21:09:02-28-INFO-User 5480482418-Result of transcriber sent to user
22-10-09 21:09:08-28-INFO-User 5480482418 started transcriber function
22-10-09 21:09:08-28-INFO-User 5480482418-Bot downloaded audio file successfully
22-10-09 21:09:08-28-INFO-User 5480482418-Bot converted the file to WAV
22-10-09 21:09:09-28-INFO-User 5480482418-Bot finished transcribing the file
22-10-09 21:09:09-28-INFO-User 5480482418-Result of transcriber sent to user
22-10-09 21:14:09-28-INFO-User 5480482418 requested /start function
22-10-09 21:14:10-28-INFO-User 5480482418 request to /start function COMPLETED
22-10-09 21:16:01-28-INFO-User 5480482418 requested /config function
22-10-09 21:16:01-28-INFO-User 5480482418 request to /config function COMPLETED
22-10-09 21:16:56-28-INFO-User 5480482418 requested /start function
22-10-09 21:16:57-28-INFO-User 5480482418 request to /start function COMPLETED
22-10-09 23:55:48-28-INFO-User 5778540317 requested /start function
22-10-09 23:55:49-28-INFO-User 5778540317 request to /start function COMPLETED
22-10-09 23:56:13-28-INFO-User 5778540317 requested /start function
22-10-09 23:56:14-28-INFO-User 5778540317 request to /start function COMPLETED
22-10-10 00:43:57-28-INFO-User 553483302 requested /ajuda function
22-10-10 00:43:58-28-INFO-User 553483302 request to /ajuda function COMPLETED
22-10-10 00:44:17-28-INFO-User 553483302 started transcriber function
22-10-10 00:44:18-28-INFO-User 553483302-Bot downloaded audio file successfully
22-10-10 00:44:18-28-INFO-User 553483302-Bot converted the file to WAV
22-10-10 00:44:18-28-ERROR-Not able to understand the audio file = 
Traceback (most recent call last):
  File "main.py", line 225, in transcriber
    TextoResultado = recognizer.recognize_google(audio_data,
  File "/home/runner/TelegramBot/venv/lib/python3.8/site-packages/speech_recognition/__init__.py", line 858, in recognize_google
    if not isinstance(actual_result, dict) or len(actual_result.get("alternative", [])) == 0: raise UnknownValueError()
speech_recognition.UnknownValueError
22-10-10 00:44:25-28-INFO-User 553483302 started transcriber function
22-10-10 00:44:26-28-INFO-User 553483302-Bot downloaded audio file successfully
22-10-10 00:44:26-28-INFO-User 553483302-Bot converted the file to WAV
22-10-10 00:44:26-28-INFO-User 553483302-Bot finished transcribing the file
22-10-10 00:44:26-28-INFO-User 553483302-Result of transcriber sent to user
22-10-10 00:44:36-28-INFO-User 553483302 requested /tradutor function
22-10-10 00:44:39-28-INFO-User 553483302 turned the translator on
22-10-10 00:44:43-28-INFO-User 553483302 changed translator language to english
22-10-10 00:44:55-28-INFO-User 553483302 started transcriber function
22-10-10 00:44:55-28-INFO-User 553483302-Bot downloaded audio file successfully
22-10-10 00:44:55-28-INFO-User 553483302-Bot converted the file to WAV
22-10-10 00:44:56-28-ERROR-Not able to understand the audio file = 
Traceback (most recent call last):
  File "main.py", line 225, in transcriber
    TextoResultado = recognizer.recognize_google(audio_data,
  File "/home/runner/TelegramBot/venv/lib/python3.8/site-packages/speech_recognition/__init__.py", line 858, in recognize_google
    if not isinstance(actual_result, dict) or len(actual_result.get("alternative", [])) == 0: raise UnknownValueError()
speech_recognition.UnknownValueError
22-10-10 00:45:04-28-INFO-User 553483302 started transcriber function
22-10-10 00:45:04-28-INFO-User 553483302-Bot downloaded audio file successfully
22-10-10 00:45:04-28-INFO-User 553483302-Bot converted the file to WAV
22-10-10 00:45:05-28-INFO-User 553483302-Bot finished transcribing the file
22-10-10 00:45:05-28-INFO-User 553483302-Bot finished translating the resulting text
22-10-10 00:45:05-28-INFO-User 553483302-Result of translation sent to user
