23-05-16 09:47:04-18977-INFO-Bot started. Good morning administrator
23-05-16 10:49:03-18977-INFO-User 5480482418 requested /config function
23-05-16 10:49:04-18977-INFO-User 5480482418 request to /config function COMPLETED
23-05-16 10:49:25-18977-INFO-User 5480482418 started transcriber function
23-05-16 10:49:26-18977-INFO-User 5480482418-Bot downloaded audio file successfully
23-05-16 10:49:27-18977-INFO-User 5480482418-Bot converted the file to WAV
23-05-16 10:49:27-18977-INFO-User 5480482418-Bot finished transcribing the file
23-05-16 10:49:27-18977-INFO-User 5480482418-Bot finished analyzing the sentiment of the text
23-05-16 10:49:28-18977-INFO-User 5480482418-Bot finished translating the resulting text
23-05-16 10:49:28-18977-INFO-User 5480482418-Result of translation sent to user
23-05-16 10:49:46-18977-INFO-User 5480482418 started transcriber function
23-05-16 10:49:48-18977-INFO-User 5480482418-Bot downloaded audio file successfully
23-05-16 10:49:48-18977-INFO-User 5480482418-Bot converted the file to WAV
23-05-16 10:49:48-18977-INFO-User 5480482418-Bot finished transcribing the file
23-05-16 10:49:48-18977-INFO-User 5480482418-Bot finished analyzing the sentiment of the text
23-05-16 10:49:49-18977-INFO-User 5480482418-Bot finished translating the resulting text
23-05-16 10:49:50-18977-INFO-User 5480482418-Result of translation sent to user
23-05-16 10:49:56-18977-INFO-User 5480482418 started transcriber function
23-05-16 10:49:57-18977-INFO-User 5480482418-Bot downloaded audio file successfully
23-05-16 10:49:57-18977-INFO-User 5480482418-Bot converted the file to WAV
23-05-16 10:49:57-18977-INFO-User 5480482418-Bot finished transcribing the file
23-05-16 10:49:57-18977-INFO-User 5480482418-Bot finished analyzing the sentiment of the text
23-05-16 10:49:58-18977-INFO-User 5480482418-Bot finished translating the resulting text
23-05-16 10:49:58-18977-INFO-User 5480482418-Result of translation sent to user
23-05-16 10:50:15-18977-INFO-User 5480482418 started transcriber function
23-05-16 10:50:17-18977-INFO-User 5480482418-Bot downloaded audio file successfully
23-05-16 10:50:17-18977-INFO-User 5480482418-Bot converted the file to WAV
23-05-16 10:50:19-18977-INFO-User 5480482418-Bot finished transcribing the file
23-05-16 10:50:19-18977-INFO-User 5480482418-Bot finished analyzing the sentiment of the text
23-05-16 10:50:19-18977-INFO-User 5480482418-Bot finished translating the resulting text
23-05-16 10:50:20-18977-INFO-User 5480482418-Result of translation sent to user
23-05-16 10:50:27-18977-INFO-User 5480482418 started transcriber function
23-05-16 10:50:28-18977-INFO-User 5480482418-Bot downloaded audio file successfully
23-05-16 10:50:28-18977-INFO-User 5480482418-Bot converted the file to WAV
23-05-16 10:50:29-18977-INFO-User 5480482418-Bot finished transcribing the file
23-05-16 10:50:29-18977-INFO-User 5480482418-Bot finished analyzing the sentiment of the text
23-05-16 10:50:30-18977-INFO-User 5480482418-Bot finished translating the resulting text
23-05-16 10:50:30-18977-INFO-User 5480482418-Result of translation sent to user
23-05-16 10:50:48-18977-INFO-User 5480482418 started transcriber function
23-05-16 10:50:49-18977-INFO-User 5480482418-Bot downloaded audio file successfully
23-05-16 10:50:49-18977-INFO-User 5480482418-Bot converted the file to WAV
23-05-16 10:50:49-18977-INFO-User 5480482418-Bot finished transcribing the file
23-05-16 10:50:49-18977-INFO-User 5480482418-Bot finished analyzing the sentiment of the text
23-05-16 10:50:50-18977-INFO-User 5480482418-Bot finished translating the resulting text
23-05-16 10:50:50-18977-INFO-User 5480482418-Result of translation sent to user
23-05-16 10:51:08-18977-INFO-User 5480482418 started transcriber function
23-05-16 10:51:09-18977-INFO-User 5480482418-Bot downloaded audio file successfully
23-05-16 10:51:09-18977-INFO-User 5480482418-Bot converted the file to WAV
23-05-16 10:51:10-18977-INFO-User 5480482418-Bot finished transcribing the file
23-05-16 10:51:10-18977-INFO-User 5480482418-Bot finished analyzing the sentiment of the text
23-05-16 10:51:11-18977-INFO-User 5480482418-Bot finished translating the resulting text
23-05-16 10:51:11-18977-INFO-User 5480482418-Result of translation sent to user
23-05-16 22:33:07-18977-INFO-User 5480482418 requested /config function
23-05-16 22:33:08-18977-INFO-User 5480482418 request to /config function COMPLETED
