23-05-02 11:06:43-3065-INFO-Bot started. Good morning administrator
23-05-02 15:47:32-3065-INFO-User 5480482418 requested /config function
23-05-02 15:47:33-3065-INFO-User 5480482418 request to /config function COMPLETED
23-05-02 15:47:47-3065-INFO-User 5480482418 requested /ajuda function
23-05-02 15:47:47-3065-INFO-User 5480482418 request to /ajuda function COMPLETED
23-05-02 15:48:07-3065-INFO-User 5480482418 requested /start function
23-05-02 15:48:07-3065-INFO-User 5480482418 request to /start function COMPLETED
23-05-02 16:13:54-3065-INFO-User 5480482418 started transcriber function
23-05-02 16:13:56-3065-INFO-User 5480482418-Bot downloaded audio file successfully
23-05-02 16:13:58-3065-INFO-User 5480482418-Bot converted the file to WAV
23-05-02 16:13:59-3065-INFO-User 5480482418-Bot finished transcribing the file
23-05-02 16:13:59-3065-INFO-User 5480482418-Bot finished analyzing the sentiment of the text
23-05-02 16:13:59-3065-INFO-User 5480482418-Bot finished translating the resulting text
23-05-02 16:14:00-3065-INFO-User 5480482418-Result of translation sent to user
23-05-02 16:14:08-3065-INFO-User 5480482418 requested /config function
23-05-02 16:14:09-3065-INFO-User 5480482418 request to /config function COMPLETED
23-05-02 16:14:17-3065-INFO-User 5480482418 started transcriber function
23-05-02 16:14:18-3065-INFO-User 5480482418-Bot downloaded audio file successfully
23-05-02 16:14:18-3065-INFO-User 5480482418-Bot converted the file to WAV
23-05-02 16:14:19-3065-INFO-User 5480482418-Bot finished transcribing the file
23-05-02 16:14:19-3065-INFO-User 5480482418-Bot finished analyzing the sentiment of the text
23-05-02 16:14:20-3065-INFO-User 5480482418-Bot finished translating the resulting text
23-05-02 16:14:20-3065-INFO-User 5480482418-Result of translation sent to user
23-05-02 16:14:37-3065-INFO-User 5480482418 requested /parental function
23-05-02 16:14:49-3065-INFO-User 5480482418-Pin 6565 created.
23-05-02 16:14:49-3065-INFO-User 5480482418-Pin created and added to parental table.
23-05-02 16:14:49-3065-INFO-User 5480482418 received code to send to parent
23-05-02 18:36:59-3065-INFO-User 5480482418 requested /ajuda function
23-05-02 18:37:00-3065-INFO-User 5480482418 request to /ajuda function COMPLETED
23-05-02 18:37:11-3065-INFO-User 5480482418 requested /config function
23-05-02 18:37:12-3065-INFO-User 5480482418 request to /config function COMPLETED
23-05-02 18:37:30-3065-INFO-User 5480482418 requested /parental function
23-05-02 18:37:46-3065-INFO-User 5480482418-Pin 4256 created.
23-05-02 18:37:46-3065-INFO-User 5480482418-Pin created and added to parental table.
23-05-02 18:37:47-3065-INFO-User 5480482418 received code to send to parent
23-05-02 18:37:54-3065-INFO-User 5480482418 requested /parental function
23-05-02 18:37:58-3065-INFO-User 5480482418 turned on parental control to child responsavel. Waiting confirmation.
23-05-02 18:38:08-3065-INFO-User 5480482418 wrote a text
23-05-02 18:38:09-3065-INFO-User 5480482418-Typed a text that is not a number of 4 digits
23-05-02 18:38:09-3065-ERROR-An exception occurred = 
Traceback (most recent call last):
  File "/home/auran/Desktop/AudioParaTexto/telegramBot.py", line 336, in parental_confirm
    raise Exception('Message is not numeric or its length is not 4')
Exception: Message is not numeric or its length is not 4
23-05-02 18:38:13-3065-INFO-User 5480482418 wrote a text
23-05-02 18:38:13-3065-INFO-User 5480482418-Typed a text that is not a number of 4 digits
23-05-02 18:38:13-3065-ERROR-An exception occurred = 
Traceback (most recent call last):
  File "/home/auran/Desktop/AudioParaTexto/telegramBot.py", line 336, in parental_confirm
    raise Exception('Message is not numeric or its length is not 4')
Exception: Message is not numeric or its length is not 4
23-05-02 18:38:19-3065-INFO-User 5480482418 wrote a text
23-05-02 18:38:19-3065-INFO-User 5480482418-Adding parent to child parental control.
23-05-02 18:38:19-3065-INFO-User 5480482418-End of text handler
23-05-02 18:38:30-3065-INFO-User 5480482418 wrote a text
23-05-02 18:38:30-3065-INFO-User 5480482418-Adding parent to child parental control.
23-05-02 18:38:30-3065-INFO-User 5480482418-Parent chatId added successfully to child parental control
23-05-02 18:38:31-3065-INFO-User 5480482418-End of text handler
23-05-02 18:38:38-3065-INFO-User 5480482418 started transcriber function
23-05-02 18:38:40-3065-INFO-User 5480482418-Bot downloaded audio file successfully
23-05-02 18:38:40-3065-INFO-User 5480482418-Bot converted the file to WAV
23-05-02 18:38:41-3065-INFO-User 5480482418-Bot finished transcribing the file
23-05-02 18:38:41-3065-INFO-User 5480482418-Bot finished analyzing the sentiment of the text
23-05-02 18:38:41-3065-INFO-User 5480482418-Bot finished translating the resulting text
23-05-02 18:38:42-3065-INFO-User 5480482418-Result of translation sent to user
23-05-02 18:38:49-3065-INFO-User 5480482418 started transcriber function
23-05-02 18:38:50-3065-INFO-User 5480482418-Bot downloaded audio file successfully
23-05-02 18:38:50-3065-INFO-User 5480482418-Bot converted the file to WAV
23-05-02 18:38:51-3065-INFO-User 5480482418-Bot finished transcribing the file
23-05-02 18:38:51-3065-INFO-User 5480482418-Bot finished analyzing the sentiment of the text
23-05-02 18:38:51-3065-INFO-User 5480482418-Bot finished translating the resulting text
23-05-02 18:38:51-3065-INFO-User 5480482418-Result of translation sent to user
23-05-02 18:38:59-3065-INFO-User 5480482418 started transcriber function
23-05-02 18:39:00-3065-INFO-User 5480482418-Bot downloaded audio file successfully
23-05-02 18:39:00-3065-INFO-User 5480482418-Bot converted the file to WAV
23-05-02 18:39:01-3065-INFO-User 5480482418-Bot finished transcribing the file
23-05-02 18:39:01-3065-INFO-User 5480482418-Bot finished analyzing the sentiment of the text
23-05-02 18:39:02-3065-INFO-User 5480482418-Bot finished translating the resulting text
23-05-02 18:39:03-3065-INFO-User 5480482418-Result of translation sent to user
23-05-02 18:42:23-3065-INFO-User 5480482418 started transcriber function
23-05-02 18:42:25-3065-INFO-User 5480482418-Bot downloaded audio file successfully
23-05-02 18:42:25-3065-INFO-User 5480482418-Bot converted the file to WAV
23-05-02 18:42:26-3065-INFO-User 5480482418-Bot finished transcribing the file
23-05-02 18:42:26-3065-INFO-User 5480482418-Bot finished analyzing the sentiment of the text
23-05-02 18:42:27-3065-INFO-User 5480482418-Bot finished translating the resulting text
23-05-02 18:42:28-3065-INFO-User 5480482418-Result of translation sent to user
23-05-02 22:10:17-3065-ERROR-Threaded polling exception: A request to the Telegram API was unsuccessful. Error code: 502. Description: Bad Gateway
23-05-02 22:10:17-3065-ERROR-Exception traceback:
Traceback (most recent call last):
  File "/home/auran/anaconda3/lib/python3.10/site-packages/telebot/__init__.py", line 1073, in __threaded_polling
    polling_thread.raise_exceptions()
  File "/home/auran/anaconda3/lib/python3.10/site-packages/telebot/util.py", line 108, in raise_exceptions
    raise self.exception_info
  File "/home/auran/anaconda3/lib/python3.10/site-packages/telebot/util.py", line 90, in run
    task(*args, **kwargs)
  File "/home/auran/anaconda3/lib/python3.10/site-packages/telebot/__init__.py", line 649, in __retrieve_updates
    updates = self.get_updates(offset=(self.last_update_id + 1),
  File "/home/auran/anaconda3/lib/python3.10/site-packages/telebot/__init__.py", line 623, in get_updates
    json_updates = apihelper.get_updates(self.token, offset, limit, timeout, allowed_updates, long_polling_timeout)
  File "/home/auran/anaconda3/lib/python3.10/site-packages/telebot/apihelper.py", line 321, in get_updates
    return _make_request(token, method_url, params=payload)
  File "/home/auran/anaconda3/lib/python3.10/site-packages/telebot/apihelper.py", line 162, in _make_request
    json_result = _check_result(method_name, result)
  File "/home/auran/anaconda3/lib/python3.10/site-packages/telebot/apihelper.py", line 189, in _check_result
    raise ApiTelegramException(method_name, result, result_json)
telebot.apihelper.ApiTelegramException: A request to the Telegram API was unsuccessful. Error code: 502. Description: Bad Gateway

