23-05-01 11:47:06-47211-INFO-Bot started. Good morning administrator
23-05-01 11:47:28-47211-INFO-User 5480482418 requested /ajuda function
23-05-01 11:47:29-47211-INFO-User 5480482418 request to /ajuda function COMPLETED
23-05-01 11:47:33-47211-INFO-User 5480482418 requested /config function
23-05-01 11:47:34-47211-INFO-User 5480482418 request to /config function COMPLETED
23-05-01 11:49:51-47211-INFO-User 553483302 requested /config function
23-05-01 11:49:51-47211-ERROR-An exception occurred = 
Traceback (most recent call last):
  File "/home/auran/Desktop/AudioParaTexto/telegramBot.py", line 82, in config
    nome = userData[1]
TypeError: 'NoneType' object is not subscriptable
23-05-01 11:54:48-47299-INFO-Bot started. Good morning administrator
23-05-01 11:55:19-47299-INFO-User 553483302 requested /config function
23-05-01 11:55:19-47299-ERROR-An exception occurred = 
Traceback (most recent call last):
  File "/home/auran/Desktop/AudioParaTexto/telegramBot.py", line 82, in config
    chatId = query.message.chat.id
NameError: name 'query' is not defined
23-05-01 11:57:09-47334-INFO-Bot started. Good morning administrator
23-05-01 11:57:43-47334-INFO-User 553483302 requested /config function
23-05-01 11:57:43-47334-INFO-User 553483302 is using the system for the first time. Adding user to database.
23-05-01 11:57:43-47334-INFO-User 553483302 added to users table.
23-05-01 11:57:44-47334-INFO-User 553483302 request to /config function COMPLETED
23-05-01 15:32:59-49331-INFO-Bot started. Good morning administrator
23-05-01 15:33:31-49331-INFO-User 5480482418 requested /config function
23-05-01 15:33:31-49331-INFO-User 5480482418 is using the system for the first time. Adding user to database.
23-05-01 15:33:31-49331-ERROR-An exception occurred = 
Traceback (most recent call last):
  File "/home/auran/Desktop/AudioParaTexto/telegramBot.py", line 88, in config
    dbFunc.checkUserExist(chatId, first_name, last_name)
  File "/home/auran/Desktop/AudioParaTexto/AuxiliaryFiles/DatabaseFunctions.py", line 25, in checkUserExist
    cursor.execute("INSERT INTO users VALUES (:id, :first, :last, :idioma, :boolTradutor, :idiomaT)",
sqlite3.OperationalError: table users has 7 columns but 6 values were supplied
23-05-01 15:36:19-49377-INFO-Bot started. Good morning administrator
23-05-01 15:36:31-49377-INFO-User 5480482418 requested /config function
23-05-01 15:36:31-49377-INFO-User 5480482418 is using the system for the first time. Adding user to database.
23-05-01 15:36:31-49377-ERROR-An exception occurred = 
Traceback (most recent call last):
  File "/home/auran/Desktop/AudioParaTexto/telegramBot.py", line 88, in config
    dbFunc.checkUserExist(chatId, first_name, last_name)
  File "/home/auran/Desktop/AudioParaTexto/AuxiliaryFiles/DatabaseFunctions.py", line 25, in checkUserExist
    cursor.execute("INSERT INTO users VALUES (:id, :first, :last, :idioma, :boolTradutor, :idiomaT, :parental_ligado, :parental_chatId)",
sqlite3.OperationalError: table users has 7 columns but 8 values were supplied
23-05-01 15:38:32-49395-INFO-Bot started. Good morning administrator
23-05-01 15:38:37-49395-INFO-User 5480482418 requested /config function
23-05-01 15:38:37-49395-INFO-User 5480482418 is using the system for the first time. Adding user to database.
23-05-01 15:38:37-49395-INFO-User 5480482418 added to users table.
23-05-01 15:38:38-49395-INFO-User 5480482418 request to /config function COMPLETED
23-05-01 15:44:11-49395-INFO-User 5480482418 requested /ajuda function
23-05-01 15:44:13-49395-INFO-User 5480482418 request to /ajuda function COMPLETED
23-05-01 15:44:18-49395-INFO-User 5480482418 requested /parental function
23-05-01 15:44:18-49395-INFO-User 5480482418 added to users table.
23-05-01 15:44:25-49395-INFO-User 5480482418 added to users table.
23-05-01 15:44:25-49395-ERROR-An exception occurred = 
Traceback (most recent call last):
  File "/home/auran/Desktop/AudioParaTexto/telegramBot.py", line 240, in callback_query
    pinNumber=dbFunc.sendPinNumber(chatId)
  File "/home/auran/Desktop/AudioParaTexto/AuxiliaryFiles/DatabaseFunctions.py", line 67, in sendPinNumber
    cursor.execute("DELETE FROM parental_codes WHERE chatId in ("
sqlite3.OperationalError: no such column: chatId
23-05-01 15:44:36-49395-INFO-User 5480482418 added to users table.
23-05-01 15:44:37-49395-INFO-User 5480482418 turned on parental control to child responsavel. Waiting confirmation.
23-05-01 16:03:02-49395-INFO-User 5480482418 started transcriber function
23-05-01 16:03:02-49395-INFO-User 5480482418 added to users table.
23-05-01 16:03:04-49395-INFO-User 5480482418-Bot downloaded audio file successfully
23-05-01 16:03:06-49395-INFO-User 5480482418-Bot converted the file to WAV
23-05-01 16:03:07-49395-ERROR-Not able to understand the audio file = 
Traceback (most recent call last):
  File "/home/auran/Desktop/AudioParaTexto/telegramBot.py", line 365, in transcriber
    TextoResultado = recognizer.recognize_google(audio_data,
  File "/home/auran/anaconda3/lib/python3.10/site-packages/speech_recognition/__init__.py", line 728, in recognize_google
    if not isinstance(actual_result, dict) or len(actual_result.get("alternative", [])) == 0: raise UnknownValueError()
speech_recognition.exceptions.UnknownValueError
23-05-01 16:03:13-49395-INFO-User 5480482418 started transcriber function
23-05-01 16:03:13-49395-INFO-User 5480482418 added to users table.
23-05-01 16:03:14-49395-INFO-User 5480482418-Bot downloaded audio file successfully
23-05-01 16:03:14-49395-INFO-User 5480482418-Bot converted the file to WAV
23-05-01 16:03:15-49395-INFO-User 5480482418-Bot finished transcribing the file
23-05-01 16:03:16-49395-INFO-User 5480482418-Bot finished analyzing the sentiment of the text
23-05-01 16:03:16-49395-INFO-User 5480482418-Result of transcriber sent to user
23-05-01 16:49:52-49799-INFO-Bot started. Good morning administrator
23-05-01 16:50:21-49799-INFO-User 5480482418 requested /config function
23-05-01 16:50:22-49799-INFO-User 5480482418 request to /config function COMPLETED
23-05-01 16:50:36-49799-INFO-User 5480482418 started transcriber function
23-05-01 16:50:37-49799-INFO-User 5480482418-Bot downloaded audio file successfully
23-05-01 16:50:37-49799-INFO-User 5480482418-Bot converted the file to WAV
23-05-01 16:50:38-49799-INFO-User 5480482418-Bot finished transcribing the file
23-05-01 16:50:41-49799-INFO-User 5480482418-Bot finished analyzing the sentiment of the text
23-05-01 16:50:42-49799-INFO-User 5480482418-Result of transcriber sent to user
23-05-01 16:50:46-49799-INFO-User 5480482418 requested /parental function
23-05-01 16:50:51-49799-ERROR-An exception occurred = 
Traceback (most recent call last):
  File "/home/auran/Desktop/AudioParaTexto/telegramBot.py", line 240, in callback_query
    pinNumber=dbFunc.sendPinNumber(chatId)
  File "/home/auran/Desktop/AudioParaTexto/AuxiliaryFiles/DatabaseFunctions.py", line 92, in sendPinNumber
    'date': datetime('now')
TypeError: 'str' object cannot be interpreted as an integer
23-05-01 16:55:00-49874-INFO-Bot started. Good morning administrator
23-05-01 16:55:06-49874-INFO-User 5480482418 requested /parental function
23-05-01 16:55:11-49874-ERROR-An exception occurred = 
Traceback (most recent call last):
  File "/home/auran/Desktop/AudioParaTexto/telegramBot.py", line 240, in callback_query
    pinNumber=dbFunc.sendPinNumber(chatId)
  File "/home/auran/Desktop/AudioParaTexto/AuxiliaryFiles/DatabaseFunctions.py", line 95, in sendPinNumber
    'date': datetime('now')
TypeError: 'str' object cannot be interpreted as an integer
23-05-01 17:24:27-50068-INFO-Bot started. Good morning administrator
23-05-01 17:24:37-50068-INFO-User 5480482418 requested /parental function
23-05-01 17:24:44-50068-ERROR-An exception occurred = 
Traceback (most recent call last):
  File "/home/auran/Desktop/AudioParaTexto/telegramBot.py", line 240, in callback_query
    pinNumber=dbFunc.sendPinNumber(chatId)
  File "/home/auran/Desktop/AudioParaTexto/AuxiliaryFiles/DatabaseFunctions.py", line 89, in sendPinNumber
    print('User ' + str(chatId) + ' | '+pinNumber)
TypeError: can only concatenate str (not "int") to str
23-05-01 17:25:05-50084-INFO-Bot started. Good morning administrator
23-05-01 17:25:10-50084-INFO-User 5480482418 requested /parental function
23-05-01 17:25:13-50084-INFO-User 5480482418-Pin created and added to parental table.
23-05-01 17:25:14-50084-INFO-User 5480482418 received code to send to parent
23-05-01 17:25:24-50084-INFO-User 5480482418 requested /parental function
23-05-01 17:25:28-50084-INFO-User 5480482418 turned on parental control to child responsavel. Waiting confirmation.
23-05-01 17:25:36-50084-INFO-User 5480482418 wrote a text
23-05-01 17:25:36-50084-ERROR-An exception occurred = 
Traceback (most recent call last):
  File "/home/auran/Desktop/AudioParaTexto/telegramBot.py", line 298, in parental_confirm
    match = regex.match(message.text)
NameError: name 'regex' is not defined
23-05-01 17:29:14-50143-INFO-Bot started. Good morning administrator
23-05-01 17:29:23-50143-INFO-User 5480482418 requested /parental function
23-05-01 17:29:27-50143-ERROR-An exception occurred = 
Traceback (most recent call last):
  File "/home/auran/Desktop/AudioParaTexto/telegramBot.py", line 244, in callback_query
    pinNumber=dbFunc.sendPinNumber(chatId)
  File "/home/auran/Desktop/AudioParaTexto/AuxiliaryFiles/DatabaseFunctions.py", line 90, in sendPinNumber
    cursor.execute("INSERT INTO parental_codes VALUES (:id, :pin, datetime('now'))",
sqlite3.IntegrityError: UNIQUE constraint failed: parental_codes.user_id
23-05-01 18:22:53-50825-INFO-Bot started. Good morning administrator
23-05-01 18:23:06-50825-INFO-User 5480482418 requested /parental function
23-05-01 18:23:11-50825-INFO-User 5480482418-Pin 1891 created.
23-05-01 18:23:11-50825-INFO-User 5480482418-Pin created and added to parental table.
23-05-01 18:23:12-50825-INFO-User 5480482418 received code to send to parent
23-05-01 18:23:19-50825-INFO-User 5480482418 turned on parental control to child responsavel. Waiting confirmation.
23-05-01 18:23:27-50825-INFO-User 5480482418 wrote a text
23-05-01 18:23:27-50825-INFO-User 5480482418-Adding parent to child parental control.
23-05-01 18:23:27-50825-ERROR-An exception occurred = 
Traceback (most recent call last):
  File "/home/auran/Desktop/AudioParaTexto/telegramBot.py", line 333, in parental_confirm
    dbFunc.addParental(chatId, int(message.text))
  File "/home/auran/Desktop/AudioParaTexto/AuxiliaryFiles/DatabaseFunctions.py", line 129, in addParental
    cursor.execute("UPDATE users SET parental_ligado = 1, parental_chatId=:parentId WHERE user_id = :id",
sqlite3.InterfaceError: Error binding parameter :id - probably unsupported type.
23-05-01 18:27:46-50884-INFO-Bot started. Good morning administrator
23-05-01 18:27:57-50884-INFO-User 5480482418 requested /parental function
23-05-01 18:28:01-50884-INFO-User 5480482418-Pin 1666 created.
23-05-01 18:28:01-50884-INFO-User 5480482418-Pin created and added to parental table.
23-05-01 18:28:01-50884-INFO-User 5480482418 received code to send to parent
23-05-01 18:28:24-50884-INFO-User 5480482418 wrote a text
23-05-01 18:28:24-50884-INFO-User 5480482418-Adding parent to child parental control.
23-05-01 18:28:24-50884-ERROR-An exception occurred = 
Traceback (most recent call last):
  File "/home/auran/Desktop/AudioParaTexto/telegramBot.py", line 333, in parental_confirm
    dbFunc.addParental(chatId, int(message.text))
  File "/home/auran/Desktop/AudioParaTexto/AuxiliaryFiles/DatabaseFunctions.py", line 131, in addParental
    cursor.execute("UPDATE users SET parental_ligado = 1, parental_chatId=:parentId WHERE user_id = :id",
sqlite3.InterfaceError: Error binding parameter :id - probably unsupported type.
23-05-01 18:31:21-50936-INFO-Bot started. Good morning administrator
23-05-01 18:31:27-50936-INFO-User 5480482418 requested /parental function
23-05-01 18:31:30-50936-INFO-User 5480482418-Pin 7834 created.
23-05-01 18:31:30-50936-INFO-User 5480482418-Pin created and added to parental table.
23-05-01 18:31:30-50936-INFO-User 5480482418 received code to send to parent
23-05-01 18:31:37-50936-INFO-User 5480482418 requested /parental function
23-05-01 18:31:41-50936-INFO-User 5480482418 turned on parental control to child responsavel. Waiting confirmation.
23-05-01 18:31:47-50936-INFO-User 5480482418 wrote a text
23-05-01 18:31:47-50936-INFO-User 5480482418-Adding parent to child parental control.
23-05-01 18:31:47-50936-ERROR-An exception occurred = 
Traceback (most recent call last):
  File "/home/auran/Desktop/AudioParaTexto/telegramBot.py", line 333, in parental_confirm
    dbFunc.addParental(chatId, int(message.text))
  File "/home/auran/Desktop/AudioParaTexto/AuxiliaryFiles/DatabaseFunctions.py", line 132, in addParental
    cursor.execute("UPDATE users SET parental_ligado = 1, parental_chatId=:parentId WHERE user_id = :id",
sqlite3.InterfaceError: Error binding parameter :id - probably unsupported type.
23-05-01 18:33:26-50968-INFO-Bot started. Good morning administrator
23-05-01 18:33:28-50968-INFO-User 5480482418 requested /parental function
23-05-01 18:33:32-50968-INFO-User 5480482418-Pin 7297 created.
23-05-01 18:33:32-50968-INFO-User 5480482418-Pin created and added to parental table.
23-05-01 18:33:33-50968-INFO-User 5480482418 received code to send to parent
23-05-01 18:33:37-50968-INFO-User 5480482418 requested /parental function
23-05-01 18:33:40-50968-INFO-User 5480482418 turned on parental control to child responsavel. Waiting confirmation.
23-05-01 18:33:47-50968-INFO-User 5480482418 wrote a text
23-05-01 18:33:47-50968-INFO-User 5480482418-Adding parent to child parental control.
23-05-01 18:33:47-50968-INFO-User 5480482418-Parent chatId added successfully to child parental control
23-05-01 18:33:47-50968-INFO-User 5480482418 end of text handler
23-05-01 18:34:19-50968-INFO-User 5480482418 started transcriber function
23-05-01 18:34:20-50968-INFO-User 5480482418-Bot downloaded audio file successfully
23-05-01 18:34:20-50968-INFO-User 5480482418-Bot converted the file to WAV
23-05-01 18:34:21-50968-INFO-User 5480482418-Bot finished transcribing the file
23-05-01 18:34:22-50968-INFO-User 5480482418-Bot finished analyzing the sentiment of the text
23-05-01 18:34:22-50968-INFO-User 5480482418-Result of transcriber sent to user
23-05-01 18:34:29-50968-INFO-User 5480482418 started transcriber function
23-05-01 18:34:30-50968-INFO-User 5480482418-Bot downloaded audio file successfully
23-05-01 18:34:31-50968-INFO-User 5480482418-Bot converted the file to WAV
23-05-01 18:34:32-50968-INFO-User 5480482418-Bot finished transcribing the file
23-05-01 18:34:32-50968-INFO-User 5480482418-Bot finished analyzing the sentiment of the text
23-05-01 18:34:33-50968-INFO-User 5480482418-Result of transcriber sent to user
23-05-01 18:34:39-50968-INFO-User 5480482418 started transcriber function
23-05-01 18:34:40-50968-INFO-User 5480482418-Bot downloaded audio file successfully
23-05-01 18:34:40-50968-INFO-User 5480482418-Bot converted the file to WAV
23-05-01 18:34:41-50968-INFO-User 5480482418-Bot finished transcribing the file
23-05-01 18:34:42-50968-INFO-User 5480482418-Bot finished analyzing the sentiment of the text
23-05-01 18:34:43-50968-INFO-User 5480482418-Result of transcriber sent to user
23-05-01 18:36:02-50968-INFO-User 5480482418 requested /config function
23-05-01 18:36:02-50968-ERROR-An exception occurred = 
Traceback (most recent call last):
  File "/home/auran/Desktop/AudioParaTexto/telegramBot.py", line 104, in config
    if parentalFLag == 0 or parentalFLag == 2:
NameError: name 'parentalFLag' is not defined
23-05-01 18:41:21-51089-INFO-Bot started. Good morning administrator
23-05-01 18:41:27-51089-INFO-User 5480482418 requested /config function
23-05-01 18:41:27-51089-ERROR-An exception occurred = 
Traceback (most recent call last):
  File "/home/auran/Desktop/AudioParaTexto/telegramBot.py", line 105, in config
    if parentalFLag == 0 or parentalFLag == 2:
NameError: name 'parentalFLag' is not defined
23-05-01 18:41:50-51106-INFO-Bot started. Good morning administrator
23-05-01 18:41:58-51106-INFO-User 5480482418 requested /config function
23-05-01 18:41:58-51106-ERROR-An exception occurred = 
Traceback (most recent call last):
  File "/home/auran/Desktop/AudioParaTexto/telegramBot.py", line 105, in config
    if parentalFLag == 0 or parentalFLag == 2:
NameError: name 'parentalFLag' is not defined
23-05-01 18:43:18-51127-INFO-Bot started. Good morning administrator
23-05-01 18:43:20-51127-INFO-User 5480482418 requested /config function
23-05-01 18:43:20-51127-ERROR-An exception occurred = 
Traceback (most recent call last):
  File "/home/auran/Desktop/AudioParaTexto/telegramBot.py", line 105, in config
    if parentalFLag == 0 or parentalFLag == 2:
NameError: name 'parentalFLag' is not defined
23-05-01 18:45:47-51165-INFO-Bot started. Good morning administrator
23-05-01 18:45:52-51165-INFO-User 5480482418 requested /config function
23-05-01 18:45:52-51165-ERROR-An exception occurred = 
Traceback (most recent call last):
  File "/home/auran/Desktop/AudioParaTexto/telegramBot.py", line 105, in config
    if parentalFLag == 0 or parentalFLag == 2:
NameError: name 'parentalFLag' is not defined
23-05-01 18:46:43-51183-INFO-Bot started. Good morning administrator
23-05-01 18:46:47-51183-INFO-User 5480482418 requested /config function
23-05-01 18:46:47-51183-ERROR-An exception occurred = 
Traceback (most recent call last):
  File "/home/auran/Desktop/AudioParaTexto/telegramBot.py", line 105, in config
    if parentalFLag == 0:
NameError: name 'parentalFLag' is not defined
23-05-01 18:46:49-51183-INFO-User 5480482418 requested /config function
23-05-01 18:46:49-51183-ERROR-An exception occurred = 
Traceback (most recent call last):
  File "/home/auran/Desktop/AudioParaTexto/telegramBot.py", line 105, in config
    if parentalFLag == 0:
NameError: name 'parentalFLag' is not defined
23-05-01 18:49:09-51219-INFO-Bot started. Good morning administrator
23-05-01 18:49:19-51219-INFO-User 5480482418 requested /config function
23-05-01 18:49:20-51219-ERROR-An exception occurred = 
Traceback (most recent call last):
  File "/home/auran/Desktop/AudioParaTexto/telegramBot.py", line 115, in config
    if parentalFLag == 1:
NameError: name 'parentalFLag' is not defined
23-05-01 18:52:38-51260-INFO-Bot started. Good morning administrator
23-05-01 18:52:49-51260-INFO-User 5480482418 requested /config function
23-05-01 18:52:51-51260-INFO-User 5480482418 request to /config function COMPLETED
23-05-01 18:53:12-51260-INFO-User 5480482418 requested /ajuda function
23-05-01 18:53:12-51260-INFO-User 5480482418 request to /ajuda function COMPLETED
23-05-01 18:53:15-51260-INFO-User 5480482418 requested /parental function
23-05-01 18:53:20-51260-INFO-User 5480482418-Initiated parental control cancellation
23-05-01 18:53:23-51260-ERROR-An exception occurred = 
Traceback (most recent call last):
  File "/home/auran/Desktop/AudioParaTexto/telegramBot.py", line 296, in callback_query
    dbFunc.cancelParentalControl(chatId)
  File "/home/auran/Desktop/AudioParaTexto/AuxiliaryFiles/DatabaseFunctions.py", line 153, in cancelParentalControl
    cursor.execute("UPDATE users SET parental_ligado=0, parental_chatId=0 WHERE parental_childId=:id", {'id': chatId})
sqlite3.OperationalError: no such column: parental_childId
23-05-01 18:54:27-51279-INFO-Bot started. Good morning administrator
23-05-01 18:54:32-51279-INFO-User 5480482418 requested /parental function
23-05-01 18:54:37-51279-INFO-User 5480482418-Initiated parental control cancellation
23-05-01 18:54:39-51279-INFO-User 5480482418-Cancellation of parental control completed
23-05-01 18:54:45-51279-INFO-User 5480482418 requested /parental function
23-05-01 19:12:33-51279-INFO-User 1394366419 requested /start function
23-05-01 19:12:35-51279-INFO-User 1394366419 request to /start function COMPLETED
23-05-01 19:23:08-51470-INFO-Bot started. Good morning administrator
23-05-01 19:23:31-51470-INFO-User 5480482418 requested /config function
23-05-01 19:23:32-51470-INFO-User 5480482418 request to /config function COMPLETED
23-05-01 19:23:39-51470-INFO-User 5480482418 requested /config function
23-05-01 19:23:39-51470-INFO-User 5480482418 request to /config function COMPLETED
23-05-01 19:24:29-51470-INFO-User 5480482418 requested /parental function
23-05-01 19:24:31-51470-INFO-User 5480482418-Pin 7908 created.
23-05-01 19:24:31-51470-INFO-User 5480482418-Pin created and added to parental table.
23-05-01 19:24:32-51470-INFO-User 5480482418 received code to send to parent
23-05-01 19:24:34-51470-INFO-User 5480482418 requested /parental function
23-05-01 19:24:38-51470-INFO-User 5480482418 turned on parental control to child responsavel. Waiting confirmation.
23-05-01 19:24:46-51470-INFO-User 5480482418 wrote a text
23-05-01 19:24:46-51470-INFO-User 5480482418-Adding parent to child parental control.
23-05-01 19:24:46-51470-INFO-User 5480482418-Parent chatId added successfully to child parental control
23-05-01 19:24:46-51470-INFO-User 5480482418-End of text handler
23-05-01 19:27:26-51470-INFO-User 5480482418 started transcriber function
23-05-01 19:27:28-51470-INFO-User 5480482418-Bot downloaded audio file successfully
23-05-01 19:27:28-51470-INFO-User 5480482418-Bot converted the file to WAV
23-05-01 19:27:29-51470-INFO-User 5480482418-Bot finished transcribing the file
23-05-01 19:27:31-51470-INFO-User 5480482418-Bot finished analyzing the sentiment of the text
23-05-01 19:27:31-51470-INFO-User 5480482418-Result of transcriber sent to user
23-05-01 19:27:39-51470-INFO-User 5480482418 started transcriber function
23-05-01 19:27:40-51470-INFO-User 5480482418-Bot downloaded audio file successfully
23-05-01 19:27:40-51470-INFO-User 5480482418-Bot converted the file to WAV
23-05-01 19:27:41-51470-INFO-User 5480482418-Bot finished transcribing the file
23-05-01 19:27:42-51470-INFO-User 5480482418-Bot finished analyzing the sentiment of the text
23-05-01 19:27:43-51470-INFO-User 5480482418-Result of transcriber sent to user
23-05-01 19:28:01-51470-INFO-User 5480482418 requested /parental function
23-05-01 19:28:13-51470-INFO-User 5480482418-Pin 9925 created.
23-05-01 19:28:13-51470-INFO-User 5480482418-Pin created and added to parental table.
23-05-01 19:28:14-51470-INFO-User 5480482418 received code to send to parent
23-05-01 19:28:30-51470-INFO-User 553483302 requested /config function
23-05-01 19:28:30-51470-INFO-User 553483302 is using the system for the first time. Adding user to database.
23-05-01 19:28:30-51470-INFO-User 553483302 added to users table.
23-05-01 19:28:31-51470-INFO-User 553483302 request to /config function COMPLETED
23-05-01 19:28:38-51470-INFO-User 553483302 requested /ajuda function
23-05-01 19:28:39-51470-INFO-User 553483302 request to /ajuda function COMPLETED
23-05-01 19:28:40-51470-INFO-User 553483302 requested /parental function
23-05-01 19:28:43-51470-INFO-User 553483302 turned on parental control to child responsavel. Waiting confirmation.
23-05-01 19:28:53-51470-INFO-User 553483302 wrote a text
23-05-01 19:28:53-51470-INFO-User 553483302-Adding parent to child parental control.
23-05-01 19:28:53-51470-INFO-User 553483302-Parent chatId added successfully to child parental control
23-05-01 19:28:53-51470-INFO-User 553483302-End of text handler
23-05-01 19:29:15-51470-INFO-User 5480482418 started transcriber function
23-05-01 19:29:16-51470-INFO-User 5480482418-Bot downloaded audio file successfully
23-05-01 19:29:16-51470-INFO-User 5480482418-Bot converted the file to WAV
23-05-01 19:29:17-51470-INFO-User 5480482418-Bot finished transcribing the file
23-05-01 19:29:18-51470-INFO-User 5480482418-Bot finished analyzing the sentiment of the text
23-05-01 19:29:18-51470-INFO-User 5480482418-Result of transcriber sent to user
23-05-01 19:29:25-51470-INFO-User 5480482418 started transcriber function
23-05-01 19:29:26-51470-INFO-User 5480482418-Bot downloaded audio file successfully
23-05-01 19:29:26-51470-INFO-User 5480482418-Bot converted the file to WAV
23-05-01 19:29:27-51470-INFO-User 5480482418-Bot finished transcribing the file
23-05-01 19:29:28-51470-INFO-User 5480482418-Bot finished analyzing the sentiment of the text
23-05-01 19:29:29-51470-INFO-User 5480482418-Result of transcriber sent to user
23-05-01 19:29:44-51470-INFO-User 5480482418 started transcriber function
23-05-01 19:29:46-51470-INFO-User 5480482418-Bot downloaded audio file successfully
23-05-01 19:29:46-51470-INFO-User 5480482418-Bot converted the file to WAV
23-05-01 19:29:48-51470-INFO-User 5480482418-Bot finished transcribing the file
23-05-01 19:29:49-51470-INFO-User 5480482418-Bot finished analyzing the sentiment of the text
23-05-01 19:29:49-51470-INFO-User 5480482418-Result of transcriber sent to user
23-05-01 19:33:35-51470-INFO-User 553483302 requested /config function
23-05-01 19:33:36-51470-INFO-User 553483302 request to /config function COMPLETED
23-05-01 19:33:54-51470-INFO-User 5480482418 requested /config function
23-05-01 19:33:54-51470-ERROR-An exception occurred = 
Traceback (most recent call last):
  File "/home/auran/Desktop/AudioParaTexto/telegramBot.py", line 102, in config
    nomeFamilia=dbFunc.showParentalConfig(chatId, parentalFlag)
  File "/home/auran/Desktop/AudioParaTexto/AuxiliaryFiles/DatabaseFunctions.py", line 172, in showParentalConfig
    cursor.execute("SELECT first_name, last_name FROM users WHERE user_id = :id", {'id': parentId})
sqlite3.InterfaceError: Error binding parameter :id - probably unsupported type.
23-05-01 19:35:26-51470-INFO-User 5480482418 requested /parental function
23-05-01 19:35:33-51470-INFO-User 5480482418 turned on parental control to child responsavel. Waiting confirmation.
23-05-01 19:35:45-51470-INFO-User 553483302 requested /parental function
23-05-01 19:35:49-51470-INFO-User 553483302-Pin 1627 created.
23-05-01 19:35:49-51470-INFO-User 553483302-Pin created and added to parental table.
23-05-01 19:35:50-51470-INFO-User 553483302 received code to send to parent
23-05-01 19:35:55-51470-INFO-User 5480482418 wrote a text
23-05-01 19:35:55-51470-ERROR-An exception occurred = 
Traceback (most recent call last):
  File "/home/auran/Desktop/AudioParaTexto/telegramBot.py", line 332, in parental_confirm
    raise Exception('Message is not numeric or its length is not 4')
Exception: Message is not numeric or its length is not 4
23-05-01 19:36:14-51470-INFO-User 5480482418 wrote a text
23-05-01 19:36:14-51470-ERROR-An exception occurred = 
Traceback (most recent call last):
  File "/home/auran/Desktop/AudioParaTexto/telegramBot.py", line 332, in parental_confirm
    raise Exception('Message is not numeric or its length is not 4')
Exception: Message is not numeric or its length is not 4
23-05-01 19:36:23-51470-INFO-User 5480482418 wrote a text
23-05-01 19:36:23-51470-ERROR-An exception occurred = 
Traceback (most recent call last):
  File "/home/auran/Desktop/AudioParaTexto/telegramBot.py", line 332, in parental_confirm
    raise Exception('Message is not numeric or its length is not 4')
Exception: Message is not numeric or its length is not 4
23-05-01 19:36:30-51470-INFO-User 5480482418 wrote a text
23-05-01 19:36:30-51470-INFO-User 5480482418-Adding parent to child parental control.
23-05-01 19:36:30-51470-INFO-User 5480482418-Parent chatId added successfully to child parental control
23-05-01 19:36:30-51470-INFO-User 5480482418-End of text handler
23-05-01 19:36:36-51470-INFO-User 553483302 requested /config function
23-05-01 19:36:36-51470-ERROR-An exception occurred = 
Traceback (most recent call last):
  File "/home/auran/Desktop/AudioParaTexto/telegramBot.py", line 102, in config
    nomeFamilia=dbFunc.showParentalConfig(chatId, parentalFlag)
  File "/home/auran/Desktop/AudioParaTexto/AuxiliaryFiles/DatabaseFunctions.py", line 172, in showParentalConfig
sqlite3.InterfaceError: Error binding parameter :id - probably unsupported type.
23-05-01 19:36:39-51470-INFO-User 5480482418 requested /config function
23-05-01 19:36:39-51470-INFO-User 5480482418 request to /config function COMPLETED
23-05-01 19:44:36-51761-INFO-Bot started. Good morning administrator
23-05-01 19:44:46-51761-INFO-User 5480482418 requested /config function
23-05-01 19:44:47-51761-INFO-User 5480482418 requested /config function
23-05-01 19:44:47-51761-INFO-User 5480482418 request to /config function COMPLETED
23-05-01 19:44:47-51761-INFO-User 5480482418 requested /config function
23-05-01 19:44:48-51761-INFO-User 5480482418 request to /config function COMPLETED
23-05-01 19:44:48-51761-INFO-User 5480482418 request to /config function COMPLETED
23-05-01 19:45:04-51761-INFO-User 553483302 requested /config function
23-05-01 19:45:04-51761-INFO-User 553483302 request to /config function COMPLETED
23-05-01 19:45:20-51761-INFO-User 5480482418 requested /tradutor function
23-05-01 19:45:24-51761-INFO-User 5480482418 turned the translator on
23-05-01 19:45:27-51761-INFO-User 5480482418 changed translator language to english
23-05-01 19:45:37-51761-INFO-User 5480482418 started transcriber function
23-05-01 19:45:39-51761-INFO-User 5480482418-Bot downloaded audio file successfully
23-05-01 19:45:39-51761-INFO-User 5480482418-Bot converted the file to WAV
23-05-01 19:45:40-51761-INFO-User 5480482418-Bot finished transcribing the file
23-05-01 19:45:41-51761-INFO-User 5480482418-Bot finished analyzing the sentiment of the text
23-05-01 19:45:41-51761-INFO-User 5480482418-Bot finished translating the resulting text
23-05-01 19:45:42-51761-INFO-User 5480482418-Result of translation sent to user
23-05-01 19:45:48-51761-INFO-User 5480482418 started transcriber function
23-05-01 19:45:49-51761-INFO-User 5480482418-Bot downloaded audio file successfully
23-05-01 19:45:50-51761-INFO-User 5480482418-Bot converted the file to WAV
23-05-01 19:45:51-51761-INFO-User 5480482418-Bot finished transcribing the file
23-05-01 19:45:52-51761-INFO-User 5480482418-Bot finished analyzing the sentiment of the text
23-05-01 19:45:52-51761-INFO-User 5480482418-Bot finished translating the resulting text
23-05-01 19:45:52-51761-INFO-User 5480482418-Result of translation sent to user
23-05-01 19:46:00-51761-INFO-User 5480482418 started transcriber function
23-05-01 19:46:01-51761-INFO-User 5480482418-Bot downloaded audio file successfully
23-05-01 19:46:01-51761-INFO-User 5480482418-Bot converted the file to WAV
23-05-01 19:46:03-51761-INFO-User 5480482418-Bot finished transcribing the file
23-05-01 19:46:03-51761-INFO-User 5480482418-Bot finished analyzing the sentiment of the text
23-05-01 19:46:03-51761-INFO-User 5480482418-Bot finished translating the resulting text
23-05-01 19:46:04-51761-INFO-User 5480482418-Result of translation sent to user
23-05-01 19:46:20-51761-INFO-User 5480482418 started transcriber function
23-05-01 19:46:22-51761-INFO-User 5480482418-Bot downloaded audio file successfully
23-05-01 19:46:22-51761-INFO-User 5480482418-Bot converted the file to WAV
23-05-01 19:46:24-51761-INFO-User 5480482418-Bot finished transcribing the file
23-05-01 19:46:26-51761-INFO-User 5480482418-Bot finished analyzing the sentiment of the text
23-05-01 19:46:26-51761-INFO-User 5480482418-Bot finished translating the resulting text
23-05-01 19:46:26-51761-INFO-User 5480482418-Result of translation sent to user
23-05-01 19:46:44-51761-INFO-User 5480482418 started transcriber function
23-05-01 19:46:45-51761-INFO-User 5480482418-Bot downloaded audio file successfully
23-05-01 19:46:45-51761-INFO-User 5480482418-Bot converted the file to WAV
23-05-01 19:46:48-51761-INFO-User 5480482418-Bot finished transcribing the file
23-05-01 19:46:48-51761-INFO-User 5480482418-Bot finished analyzing the sentiment of the text
23-05-01 19:46:48-51761-INFO-User 5480482418-Bot finished translating the resulting text
23-05-01 19:46:49-51761-INFO-User 5480482418-Result of translation sent to user
23-05-01 19:46:59-51761-INFO-User 5480482418 started transcriber function
23-05-01 19:47:00-51761-INFO-User 5480482418-Bot downloaded audio file successfully
23-05-01 19:47:00-51761-INFO-User 5480482418-Bot converted the file to WAV
23-05-01 19:47:01-51761-INFO-User 5480482418-Bot finished transcribing the file
23-05-01 19:47:01-51761-INFO-User 5480482418-Bot finished analyzing the sentiment of the text
23-05-01 19:47:01-51761-INFO-User 5480482418-Bot finished translating the resulting text
23-05-01 19:47:02-51761-INFO-User 5480482418-Result of translation sent to user
23-05-01 19:47:15-51761-INFO-User 5480482418 started transcriber function
23-05-01 19:47:16-51761-INFO-User 5480482418-Bot downloaded audio file successfully
23-05-01 19:47:16-51761-INFO-User 5480482418-Bot converted the file to WAV
23-05-01 19:47:18-51761-INFO-User 5480482418-Bot finished transcribing the file
23-05-01 19:47:19-51761-INFO-User 5480482418-Bot finished analyzing the sentiment of the text
23-05-01 19:47:19-51761-INFO-User 5480482418-Bot finished translating the resulting text
23-05-01 19:47:20-51761-INFO-User 5480482418-Result of translation sent to user
23-05-01 19:47:37-51761-INFO-User 5480482418 requested /idioma function
23-05-01 19:47:43-51761-INFO-User 5480482418 changed transcriber language to en-US
23-05-01 19:47:53-51761-INFO-User 5480482418 requested /tradutor function
23-05-01 19:47:58-51761-INFO-User 5480482418 turned the translator on
23-05-01 19:48:02-51761-INFO-User 5480482418 changed translator language to portuguese
23-05-01 19:48:15-51761-INFO-User 5480482418 started transcriber function
23-05-01 19:48:16-51761-INFO-User 5480482418-Bot downloaded audio file successfully
23-05-01 19:48:16-51761-INFO-User 5480482418-Bot converted the file to WAV
23-05-01 19:48:17-51761-INFO-User 5480482418-Bot finished transcribing the file
23-05-01 19:48:17-51761-INFO-User 5480482418-Bot finished analyzing the sentiment of the text
23-05-01 19:48:17-51761-INFO-User 5480482418-Bot finished translating the resulting text
23-05-01 19:48:17-51761-INFO-User 5480482418-Result of translation sent to user
23-05-01 19:48:28-51761-INFO-User 5480482418 started transcriber function
23-05-01 19:48:29-51761-INFO-User 5480482418-Bot downloaded audio file successfully
23-05-01 19:48:29-51761-INFO-User 5480482418-Bot converted the file to WAV
23-05-01 19:48:30-51761-INFO-User 5480482418-Bot finished transcribing the file
23-05-01 19:48:30-51761-INFO-User 5480482418-Bot finished analyzing the sentiment of the text
23-05-01 19:48:30-51761-INFO-User 5480482418-Bot finished translating the resulting text
23-05-01 19:48:30-51761-INFO-User 5480482418-Result of translation sent to user
23-05-01 19:48:38-51761-INFO-User 5480482418 started transcriber function
23-05-01 19:48:39-51761-INFO-User 5480482418-Bot downloaded audio file successfully
23-05-01 19:48:39-51761-INFO-User 5480482418-Bot converted the file to WAV
23-05-01 19:48:40-51761-INFO-User 5480482418-Bot finished transcribing the file
23-05-01 19:48:40-51761-INFO-User 5480482418-Bot finished analyzing the sentiment of the text
23-05-01 19:48:40-51761-INFO-User 5480482418-Bot finished translating the resulting text
23-05-01 19:48:40-51761-INFO-User 5480482418-Result of translation sent to user
23-05-01 19:49:06-51761-INFO-User 553483302 started transcriber function
23-05-01 19:49:07-51761-INFO-User 553483302-Bot downloaded audio file successfully
23-05-01 19:49:07-51761-INFO-User 553483302-Bot converted the file to WAV
23-05-01 19:49:08-51761-ERROR-Not able to understand the audio file = 
Traceback (most recent call last):
  File "/home/auran/Desktop/AudioParaTexto/telegramBot.py", line 400, in transcriber
    TextoResultado = recognizer.recognize_google(audio_data,
  File "/home/auran/anaconda3/lib/python3.10/site-packages/speech_recognition/__init__.py", line 728, in recognize_google
    if not isinstance(actual_result, dict) or len(actual_result.get("alternative", [])) == 0: raise UnknownValueError()
speech_recognition.exceptions.UnknownValueError
23-05-01 19:49:14-51761-INFO-User 553483302 started transcriber function
23-05-01 19:49:14-51761-INFO-User 553483302-Bot downloaded audio file successfully
23-05-01 19:49:14-51761-INFO-User 553483302-Bot converted the file to WAV
23-05-01 19:49:15-51761-INFO-User 553483302-Bot finished transcribing the file
23-05-01 19:49:16-51761-INFO-User 553483302-Bot finished analyzing the sentiment of the text
23-05-01 19:49:17-51761-INFO-User 553483302-Result of transcriber sent to user
23-05-01 19:49:24-51761-INFO-User 553483302 started transcriber function
23-05-01 19:49:25-51761-INFO-User 553483302-Bot downloaded audio file successfully
23-05-01 19:49:25-51761-INFO-User 553483302-Bot converted the file to WAV
23-05-01 19:49:26-51761-INFO-User 553483302-Bot finished transcribing the file
23-05-01 19:49:27-51761-INFO-User 553483302-Bot finished analyzing the sentiment of the text
23-05-01 19:49:28-51761-INFO-User 553483302-Result of transcriber sent to user
23-05-01 19:50:09-51761-INFO-User 5480482418 started transcriber function
23-05-01 19:50:10-51761-INFO-User 5480482418-Bot downloaded audio file successfully
23-05-01 19:50:10-51761-INFO-User 5480482418-Bot converted the file to WAV
23-05-01 19:50:14-51761-INFO-User 5480482418-Bot finished transcribing the file
23-05-01 19:50:14-51761-INFO-User 5480482418-Bot finished analyzing the sentiment of the text
23-05-01 19:50:14-51761-INFO-User 5480482418-Bot finished translating the resulting text
23-05-01 19:50:14-51761-INFO-User 5480482418-Result of translation sent to user
23-05-01 19:50:34-51761-INFO-User 5480482418 started transcriber function
23-05-01 19:50:37-51761-INFO-User 5480482418-Bot downloaded audio file successfully
23-05-01 19:50:37-51761-INFO-User 5480482418-Bot converted the file to WAV
23-05-01 19:50:39-51761-INFO-User 5480482418-Bot finished transcribing the file
23-05-01 19:50:39-51761-INFO-User 5480482418-Bot finished analyzing the sentiment of the text
23-05-01 19:50:39-51761-INFO-User 5480482418-Bot finished translating the resulting text
23-05-01 19:50:39-51761-INFO-User 5480482418-Result of translation sent to user
23-05-01 19:50:54-51761-INFO-User 5480482418 started transcriber function
23-05-01 19:50:55-51761-INFO-User 5480482418-Bot downloaded audio file successfully
23-05-01 19:50:55-51761-INFO-User 5480482418-Bot converted the file to WAV
23-05-01 19:50:56-51761-INFO-User 5480482418-Bot finished transcribing the file
23-05-01 19:50:56-51761-INFO-User 5480482418-Bot finished analyzing the sentiment of the text
23-05-01 19:50:56-51761-INFO-User 5480482418-Bot finished translating the resulting text
23-05-01 19:50:57-51761-INFO-User 5480482418-Result of translation sent to user
23-05-01 19:51:03-51761-INFO-User 5480482418 started transcriber function
23-05-01 19:51:04-51761-INFO-User 5480482418-Bot downloaded audio file successfully
23-05-01 19:51:04-51761-INFO-User 5480482418-Bot converted the file to WAV
23-05-01 19:51:05-51761-INFO-User 5480482418-Bot finished transcribing the file
23-05-01 19:51:05-51761-INFO-User 5480482418-Bot finished analyzing the sentiment of the text
23-05-01 19:51:05-51761-INFO-User 5480482418-Bot finished translating the resulting text
23-05-01 19:51:05-51761-INFO-User 5480482418-Result of translation sent to user
23-05-01 19:51:10-51761-INFO-User 5480482418 started transcriber function
23-05-01 19:51:11-51761-INFO-User 5480482418-Bot downloaded audio file successfully
23-05-01 19:51:11-51761-INFO-User 5480482418-Bot converted the file to WAV
23-05-01 19:51:13-51761-INFO-User 5480482418-Bot finished transcribing the file
23-05-01 19:51:13-51761-INFO-User 5480482418-Bot finished analyzing the sentiment of the text
23-05-01 19:51:13-51761-INFO-User 5480482418-Bot finished translating the resulting text
23-05-01 19:51:13-51761-INFO-User 5480482418-Result of translation sent to user
23-05-01 19:51:19-51761-INFO-User 5480482418 started transcriber function
23-05-01 19:51:20-51761-INFO-User 5480482418-Bot downloaded audio file successfully
23-05-01 19:51:20-51761-INFO-User 5480482418-Bot converted the file to WAV
23-05-01 19:51:22-51761-INFO-User 5480482418-Bot finished transcribing the file
23-05-01 19:51:22-51761-INFO-User 5480482418-Bot finished analyzing the sentiment of the text
23-05-01 19:51:22-51761-INFO-User 5480482418-Bot finished translating the resulting text
23-05-01 19:51:22-51761-INFO-User 5480482418-Result of translation sent to user
23-05-01 19:51:38-51761-INFO-User 5480482418 requested /tradutor function
23-05-01 19:51:42-51761-INFO-User 5480482418 turned the translator on
23-05-01 19:51:45-51761-INFO-User 5480482418 changed translator language to portuguese
23-05-01 19:52:10-51761-INFO-User 5480482418 started transcriber function
23-05-01 19:52:12-51761-INFO-User 5480482418-Bot downloaded audio file successfully
23-05-01 19:52:12-51761-INFO-User 5480482418-Bot converted the file to WAV
23-05-01 19:52:13-51761-INFO-User 5480482418-Bot finished transcribing the file
23-05-01 19:52:13-51761-INFO-User 5480482418-Bot finished analyzing the sentiment of the text
23-05-01 19:52:13-51761-INFO-User 5480482418-Bot finished translating the resulting text
23-05-01 19:52:13-51761-INFO-User 5480482418-Result of translation sent to user
23-05-01 19:52:23-51761-INFO-User 5480482418 started transcriber function
23-05-01 19:52:24-51761-INFO-User 5480482418-Bot downloaded audio file successfully
23-05-01 19:52:24-51761-INFO-User 5480482418-Bot converted the file to WAV
23-05-01 19:52:25-51761-INFO-User 5480482418-Bot finished transcribing the file
23-05-01 19:52:25-51761-INFO-User 5480482418-Bot finished analyzing the sentiment of the text
23-05-01 19:52:25-51761-INFO-User 5480482418-Bot finished translating the resulting text
23-05-01 19:52:25-51761-INFO-User 5480482418-Result of translation sent to user
23-05-01 19:52:46-51761-INFO-User 5480482418 requested /config function
23-05-01 19:52:48-51761-INFO-User 5480482418 request to /config function COMPLETED
23-05-01 20:04:46-52071-INFO-Bot started. Good morning administrator
23-05-01 20:04:54-52071-INFO-User 5480482418 requested /config function
23-05-01 20:04:55-52071-INFO-User 5480482418 request to /config function COMPLETED
23-05-01 20:05:16-52071-INFO-User 5480482418 started transcriber function
23-05-01 20:05:18-52071-INFO-User 5480482418-Bot downloaded audio file successfully
23-05-01 20:05:18-52071-INFO-User 5480482418-Bot converted the file to WAV
23-05-01 20:05:20-52071-INFO-User 5480482418-Bot finished transcribing the file
23-05-01 20:05:20-52071-INFO-User 5480482418-Bot finished analyzing the sentiment of the text
23-05-01 20:05:22-52071-INFO-User 5480482418-Bot finished translating the resulting text
23-05-01 20:05:22-52071-INFO-User 5480482418-Result of translation sent to user
23-05-01 20:05:48-52071-INFO-User 553483302 started transcriber function
23-05-01 20:05:49-52071-INFO-User 553483302-Bot downloaded audio file successfully
23-05-01 20:05:49-52071-INFO-User 553483302-Bot converted the file to WAV
23-05-01 20:05:51-52071-INFO-User 553483302-Bot finished transcribing the file
23-05-01 20:05:52-52071-INFO-User 553483302-Bot finished analyzing the sentiment of the text
23-05-01 20:05:52-52071-INFO-User 553483302-Result of transcriber sent to user
23-05-01 20:06:19-52071-INFO-User 553483302 started transcriber function
23-05-01 20:06:20-52071-INFO-User 553483302-Bot downloaded audio file successfully
23-05-01 20:06:20-52071-INFO-User 553483302-Bot converted the file to WAV
23-05-01 20:06:21-52071-INFO-User 553483302-Bot finished transcribing the file
23-05-01 20:06:22-52071-INFO-User 553483302-Bot finished analyzing the sentiment of the text
23-05-01 20:06:23-52071-INFO-User 553483302-Result of transcriber sent to user
23-05-01 20:07:06-52071-INFO-User 5480482418 started transcriber function
23-05-01 20:07:07-52071-INFO-User 5480482418-Bot downloaded audio file successfully
23-05-01 20:07:07-52071-INFO-User 5480482418-Bot converted the file to WAV
23-05-01 20:07:09-52071-INFO-User 5480482418-Bot finished transcribing the file
23-05-01 20:07:09-52071-INFO-User 5480482418-Bot finished analyzing the sentiment of the text
23-05-01 20:07:10-52071-INFO-User 5480482418-Bot finished translating the resulting text
23-05-01 20:07:10-52071-INFO-User 5480482418-Result of translation sent to user
23-05-01 20:07:16-52071-INFO-User 5480482418 started transcriber function
23-05-01 20:07:17-52071-INFO-User 5480482418-Bot downloaded audio file successfully
23-05-01 20:07:17-52071-INFO-User 5480482418-Bot converted the file to WAV
23-05-01 20:07:18-52071-INFO-User 5480482418-Bot finished transcribing the file
23-05-01 20:07:18-52071-INFO-User 5480482418-Bot finished analyzing the sentiment of the text
23-05-01 20:07:19-52071-INFO-User 5480482418-Bot finished translating the resulting text
23-05-01 20:07:20-52071-INFO-User 5480482418-Result of translation sent to user
23-05-01 20:08:24-52071-INFO-User 5480482418 started transcriber function
23-05-01 20:08:26-52071-INFO-User 5480482418-Bot downloaded audio file successfully
23-05-01 20:08:26-52071-INFO-User 5480482418-Bot converted the file to WAV
23-05-01 20:08:27-52071-INFO-User 5480482418-Bot finished transcribing the file
23-05-01 20:08:27-52071-INFO-User 5480482418-Bot finished analyzing the sentiment of the text
23-05-01 20:08:28-52071-INFO-User 5480482418-Bot finished translating the resulting text
23-05-01 20:08:28-52071-INFO-User 5480482418-Result of translation sent to user
23-05-01 20:08:35-52071-INFO-User 5480482418 started transcriber function
23-05-01 20:08:36-52071-INFO-User 5480482418-Bot downloaded audio file successfully
23-05-01 20:08:36-52071-INFO-User 5480482418-Bot converted the file to WAV
23-05-01 20:08:37-52071-INFO-User 5480482418-Bot finished transcribing the file
23-05-01 20:08:37-52071-INFO-User 5480482418-Bot finished analyzing the sentiment of the text
23-05-01 20:08:38-52071-INFO-User 5480482418-Bot finished translating the resulting text
23-05-01 20:08:38-52071-INFO-User 5480482418-Result of translation sent to user
23-05-01 20:08:48-52071-INFO-User 5480482418 started transcriber function
23-05-01 20:08:49-52071-INFO-User 5480482418-Bot downloaded audio file successfully
23-05-01 20:08:49-52071-INFO-User 5480482418-Bot converted the file to WAV
23-05-01 20:08:51-52071-INFO-User 5480482418-Bot finished transcribing the file
23-05-01 20:08:51-52071-INFO-User 5480482418-Bot finished analyzing the sentiment of the text
23-05-01 20:08:51-52071-INFO-User 5480482418-Bot finished translating the resulting text
23-05-01 20:08:52-52071-INFO-User 5480482418-Result of translation sent to user
23-05-01 20:09:10-52071-INFO-User 5480482418 requested /config function
23-05-01 20:09:11-52071-INFO-User 5480482418 request to /config function COMPLETED
23-05-01 20:09:32-52071-INFO-User 5480482418 requested /ajuda function
23-05-01 20:09:34-52071-INFO-User 5480482418 request to /ajuda function COMPLETED
23-05-01 20:09:35-52071-INFO-User 5480482418 requested /parental function
23-05-01 20:09:45-52071-INFO-User 5480482418 turned on parental control to child responsavel. Waiting confirmation.
23-05-01 20:09:48-52071-INFO-User 553483302 requested /parental function
23-05-01 20:09:50-52071-INFO-User 553483302-Pin 3193 created.
23-05-01 20:09:50-52071-INFO-User 553483302-Pin created and added to parental table.
23-05-01 20:09:51-52071-INFO-User 553483302 received code to send to parent
23-05-01 20:09:55-52071-INFO-User 5480482418 wrote a text
23-05-01 20:09:56-52071-INFO-User 5480482418-Typed a text that is not a number of 4 digits
23-05-01 20:09:56-52071-ERROR-An exception occurred = 
Traceback (most recent call last):
  File "/home/auran/Desktop/AudioParaTexto/telegramBot.py", line 334, in parental_confirm
    raise Exception('Message is not numeric or its length is not 4')
Exception: Message is not numeric or its length is not 4
23-05-01 20:10:02-52071-INFO-User 5480482418 wrote a text
23-05-01 20:10:02-52071-INFO-User 5480482418-Adding parent to child parental control.
23-05-01 20:10:02-52071-ERROR-An exception occurred = 
Traceback (most recent call last):
  File "/home/auran/Desktop/AudioParaTexto/telegramBot.py", line 336, in parental_confirm
    dbFunc.addParental(chatId, int(message.text))
  File "/home/auran/Desktop/AudioParaTexto/AuxiliaryFiles/DatabaseFunctions.py", line 128, in addParental
    childId = childIdTemp[0]
TypeError: 'NoneType' object is not subscriptable
23-05-01 20:10:13-52071-INFO-User 5480482418 wrote a text
23-05-01 20:10:13-52071-INFO-User 5480482418-Adding parent to child parental control.
23-05-01 20:10:13-52071-INFO-User 5480482418-Parent chatId added successfully to child parental control
23-05-01 20:10:14-52071-INFO-User 5480482418-End of text handler
23-05-01 20:10:28-52071-INFO-User 553483302 started transcriber function
23-05-01 20:10:29-52071-INFO-User 553483302-Bot downloaded audio file successfully
23-05-01 20:10:29-52071-INFO-User 553483302-Bot converted the file to WAV
23-05-01 20:10:30-52071-INFO-User 553483302-Bot finished transcribing the file
23-05-01 20:10:31-52071-INFO-User 553483302-Bot finished analyzing the sentiment of the text
23-05-01 20:10:31-52071-INFO-User 553483302-Result of transcriber sent to user
23-05-01 20:10:39-52071-INFO-User 553483302 started transcriber function
23-05-01 20:10:40-52071-INFO-User 553483302-Bot downloaded audio file successfully
23-05-01 20:10:40-52071-INFO-User 553483302-Bot converted the file to WAV
23-05-01 20:10:41-52071-INFO-User 553483302-Bot finished transcribing the file
23-05-01 20:10:41-52071-INFO-User 553483302-Bot finished analyzing the sentiment of the text
23-05-01 20:10:42-52071-INFO-User 553483302-Result of transcriber sent to user
23-05-01 20:13:49-52224-INFO-Bot started. Good morning administrator
23-05-01 20:13:58-52224-INFO-User 5480482418 requested /parental function
23-05-01 20:14:03-52224-INFO-User 5480482418 turned on parental control to child responsavel. Waiting confirmation.
23-05-01 20:14:07-52224-INFO-User 5480482418 wrote a text
23-05-01 20:14:07-52224-INFO-User 5480482418-Adding parent to child parental control.
23-05-01 20:14:07-52224-ERROR-An exception occurred = 
Traceback (most recent call last):
  File "/home/auran/Desktop/AudioParaTexto/telegramBot.py", line 336, in parental_confirm
    dbFunc.addParental(chatId, int(message.text))
  File "/home/auran/Desktop/AudioParaTexto/AuxiliaryFiles/DatabaseFunctions.py", line 129, in addParental
    childId = childIdTemp[0]
TypeError: 'NoneType' object is not subscriptable
23-05-01 20:25:15-52349-INFO-Bot started. Good morning administrator
23-05-01 20:25:32-52349-INFO-User 5480482418 requested /parental function
23-05-01 20:25:32-52349-INFO-User 5480482418 requested /parental function
23-05-01 20:25:36-52349-INFO-User 5480482418 turned on parental control to child responsavel. Waiting confirmation.
23-05-01 20:25:42-52349-INFO-User 5480482418 wrote a text
23-05-01 20:25:42-52349-INFO-User 5480482418-Adding parent to child parental control.
23-05-01 20:25:42-52349-INFO-User 5480482418-End of text handler
23-05-01 20:25:49-52349-INFO-User 5480482418 wrote a text
23-05-01 20:25:49-52349-INFO-User 5480482418-Adding parent to child parental control.
23-05-01 20:25:49-52349-INFO-User 5480482418-End of text handler
23-05-01 20:25:55-52349-INFO-User 5480482418 wrote a text
23-05-01 20:25:55-52349-INFO-User 5480482418-Typed a text that is not a number of 4 digits
23-05-01 20:25:55-52349-ERROR-An exception occurred = 
Traceback (most recent call last):
  File "/home/auran/Desktop/AudioParaTexto/telegramBot.py", line 334, in parental_confirm
    raise Exception('Message is not numeric or its length is not 4')
Exception: Message is not numeric or its length is not 4
23-05-01 20:34:29-52349-INFO-User 5480482418 requested /ajuda function
23-05-01 20:34:31-52349-INFO-User 5480482418 request to /ajuda function COMPLETED
23-05-01 21:11:08-61649-INFO-Bot started. Good morning administrator
23-05-01 21:11:26-61649-INFO-User 5480482418 requested /ajuda function
23-05-01 21:11:27-61649-INFO-User 5480482418 request to /ajuda function COMPLETED
